{"uuid":"1c9b49ac-0dbe-4167-8159-c165b3990d75","historyId":"36e845df2c7da94111c8157cd19a746a","fullName":"FilterPriceTest.priceFilterTest","labels":[{"name":"package","value":"FilterPriceTest"},{"name":"testClass","value":"FilterPriceTest"},{"name":"testMethod","value":"priceFilterTest"},{"name":"parentSuite","value":"E-katalogTeest"},{"name":"suite","value":"FilterPriceTest"},{"name":"subSuite","value":"FilterPriceTest"},{"name":"host","value":"localhost.localdomain"},{"name":"thread","value":"8159@localhost.localdomain.main(1)"}],"links":[],"name":"priceFilterTest","status":"broken","statusDetails":{"known":false,"muted":false,"flaky":false,"message":"stale element reference: element is not attached to the page document\n  (Session info: chrome=65.0.3325.181)\n  (Driver info: chromedriver=2.37.544315 (730aa6a5fdba159ac9f4c1e8cbc59bf1b5ce12b7),platform=Linux 4.15.14-300.fc27.x86_64 x86_64) (WARNING: The server did not provide any stacktrace information)\nCommand duration or timeout: 17 milliseconds\nFor documentation on this error, please visit: http://seleniumhq.org/exceptions/stale_element_reference.html\nBuild info: version: '2.17.0', revision: '15546', time: '2012-01-16 17:11:34'\nSystem info: os.name: 'Linux', os.arch: 'amd64', os.version: '4.15.14-300.fc27.x86_64', java.version: '1.8.0_162'\nDriver info: driver.version: RemoteWebDriver","trace":"org.openqa.selenium.StaleElementReferenceException: stale element reference: element is not attached to the page document\n  (Session info: chrome=65.0.3325.181)\n  (Driver info: chromedriver=2.37.544315 (730aa6a5fdba159ac9f4c1e8cbc59bf1b5ce12b7),platform=Linux 4.15.14-300.fc27.x86_64 x86_64) (WARNING: The server did not provide any stacktrace information)\nCommand duration or timeout: 17 milliseconds\nFor documentation on this error, please visit: http://seleniumhq.org/exceptions/stale_element_reference.html\nBuild info: version: '2.17.0', revision: '15546', time: '2012-01-16 17:11:34'\nSystem info: os.name: 'Linux', os.arch: 'amd64', os.version: '4.15.14-300.fc27.x86_64', java.version: '1.8.0_162'\nDriver info: driver.version: RemoteWebDriver\n\tat sun.reflect.NativeConstructorAccessorImpl.newInstance0(Native Method)\n\tat sun.reflect.NativeConstructorAccessorImpl.newInstance(NativeConstructorAccessorImpl.java:62)\n\tat sun.reflect.DelegatingConstructorAccessorImpl.newInstance(DelegatingConstructorAccessorImpl.java:45)\n\tat java.lang.reflect.Constructor.newInstance(Constructor.java:423)\n\tat org.openqa.selenium.remote.ErrorHandler.createThrowable(ErrorHandler.java:147)\n\tat org.openqa.selenium.remote.ErrorHandler.throwIfResponseFailed(ErrorHandler.java:113)\n\tat org.openqa.selenium.remote.RemoteWebDriver.execute(RemoteWebDriver.java:439)\n\tat org.openqa.selenium.remote.RemoteWebDriver.executeScript(RemoteWebDriver.java:353)\n\tat AbstractTest.scrollIntoView(AbstractTest.java:61)\n\tat AbstractTest.click(AbstractTest.java:68)\n\tat FilterPriceTest.locateCategoryAndApplyFilters_aroundBody0(FilterPriceTest.java:31)\n\tat FilterPriceTest$AjcClosure1.run(FilterPriceTest.java:1)\n\tat org.aspectj.runtime.reflect.JoinPointImpl.proceed(JoinPointImpl.java:149)\n\tat io.qameta.allure.aspects.StepsAspects.step(StepsAspects.java:51)\n\tat FilterPriceTest.locateCategoryAndApplyFilters(FilterPriceTest.java:20)\n\tat FilterPriceTest.priceFilterTest(FilterPriceTest.java:56)\n\tat sun.reflect.NativeMethodAccessorImpl.invoke0(Native Method)\n\tat sun.reflect.NativeMethodAccessorImpl.invoke(NativeMethodAccessorImpl.java:62)\n\tat sun.reflect.DelegatingMethodAccessorImpl.invoke(DelegatingMethodAccessorImpl.java:43)\n\tat java.lang.reflect.Method.invoke(Method.java:498)\n\tat org.testng.internal.MethodInvocationHelper.invokeMethod(MethodInvocationHelper.java:80)\n\tat org.testng.internal.Invoker.invokeMethod(Invoker.java:714)\n\tat org.testng.internal.Invoker.invokeTestMethod(Invoker.java:901)\n\tat org.testng.internal.Invoker.invokeTestMethods(Invoker.java:1231)\n\tat org.testng.internal.TestMethodWorker.invokeTestMethods(TestMethodWorker.java:127)\n\tat org.testng.internal.TestMethodWorker.run(TestMethodWorker.java:111)\n\tat org.testng.TestRunner.privateRun(TestRunner.java:767)\n\tat org.testng.TestRunner.run(TestRunner.java:617)\n\tat org.testng.SuiteRunner.runTest(SuiteRunner.java:334)\n\tat org.testng.SuiteRunner.runSequentially(SuiteRunner.java:329)\n\tat org.testng.SuiteRunner.privateRun(SuiteRunner.java:291)\n\tat org.testng.SuiteRunner.run(SuiteRunner.java:240)\n\tat org.testng.SuiteRunnerWorker.runSuite(SuiteRunnerWorker.java:52)\n\tat org.testng.SuiteRunnerWorker.run(SuiteRunnerWorker.java:86)\n\tat org.testng.TestNG.runSuitesSequentially(TestNG.java:1198)\n\tat org.testng.TestNG.runSuitesLocally(TestNG.java:1123)\n\tat org.testng.TestNG.run(TestNG.java:1031)\n\tat org.apache.maven.surefire.testng.TestNGExecutor.run(TestNGExecutor.java:283)\n\tat org.apache.maven.surefire.testng.TestNGXmlTestSuite.execute(TestNGXmlTestSuite.java:75)\n\tat org.apache.maven.surefire.testng.TestNGProvider.invoke(TestNGProvider.java:120)\n\tat org.apache.maven.surefire.booter.ForkedBooter.invokeProviderInSameClassLoader(ForkedBooter.java:386)\n\tat org.apache.maven.surefire.booter.ForkedBooter.runSuitesInProcess(ForkedBooter.java:323)\n\tat org.apache.maven.surefire.booter.ForkedBooter.main(ForkedBooter.java:143)\n"},"stage":"finished","start":1523390622856,"stop":1523390658529,"steps":[{"name":"Переход в категорию и поиск с ограничением цены до 10000 рублей","status":"broken","statusDetails":{"known":false,"muted":false,"flaky":false,"message":"stale element reference: element is not attached to the page document\n  (Session info: chrome=65.0.3325.181)\n  (Driver info: chromedriver=2.37.544315 (730aa6a5fdba159ac9f4c1e8cbc59bf1b5ce12b7),platform=Linux 4.15.14-300.fc27.x86_64 x86_64) (WARNING: The server did not provide any stacktrace information)\nCommand duration or timeout: 17 milliseconds\nFor documentation on this error, please visit: http://seleniumhq.org/exceptions/stale_element_reference.html\nBuild info: version: '2.17.0', revision: '15546', time: '2012-01-16 17:11:34'\nSystem info: os.name: 'Linux', os.arch: 'amd64', os.version: '4.15.14-300.fc27.x86_64', java.version: '1.8.0_162'\nDriver info: driver.version: RemoteWebDriver","trace":"org.openqa.selenium.StaleElementReferenceException: stale element reference: element is not attached to the page document\n  (Session info: chrome=65.0.3325.181)\n  (Driver info: chromedriver=2.37.544315 (730aa6a5fdba159ac9f4c1e8cbc59bf1b5ce12b7),platform=Linux 4.15.14-300.fc27.x86_64 x86_64) (WARNING: The server did not provide any stacktrace information)\nCommand duration or timeout: 17 milliseconds\nFor documentation on this error, please visit: http://seleniumhq.org/exceptions/stale_element_reference.html\nBuild info: version: '2.17.0', revision: '15546', time: '2012-01-16 17:11:34'\nSystem info: os.name: 'Linux', os.arch: 'amd64', os.version: '4.15.14-300.fc27.x86_64', java.version: '1.8.0_162'\nDriver info: driver.version: RemoteWebDriver\n\tat sun.reflect.NativeConstructorAccessorImpl.newInstance0(Native Method)\n\tat sun.reflect.NativeConstructorAccessorImpl.newInstance(NativeConstructorAccessorImpl.java:62)\n\tat sun.reflect.DelegatingConstructorAccessorImpl.newInstance(DelegatingConstructorAccessorImpl.java:45)\n\tat java.lang.reflect.Constructor.newInstance(Constructor.java:423)\n\tat org.openqa.selenium.remote.ErrorHandler.createThrowable(ErrorHandler.java:147)\n\tat org.openqa.selenium.remote.ErrorHandler.throwIfResponseFailed(ErrorHandler.java:113)\n\tat org.openqa.selenium.remote.RemoteWebDriver.execute(RemoteWebDriver.java:439)\n\tat org.openqa.selenium.remote.RemoteWebDriver.executeScript(RemoteWebDriver.java:353)\n\tat AbstractTest.scrollIntoView(AbstractTest.java:61)\n\tat AbstractTest.click(AbstractTest.java:68)\n\tat FilterPriceTest.locateCategoryAndApplyFilters_aroundBody0(FilterPriceTest.java:31)\n\tat FilterPriceTest$AjcClosure1.run(FilterPriceTest.java:1)\n\tat org.aspectj.runtime.reflect.JoinPointImpl.proceed(JoinPointImpl.java:149)\n\tat io.qameta.allure.aspects.StepsAspects.step(StepsAspects.java:51)\n\tat FilterPriceTest.locateCategoryAndApplyFilters(FilterPriceTest.java:20)\n\tat FilterPriceTest.priceFilterTest(FilterPriceTest.java:56)\n\tat sun.reflect.NativeMethodAccessorImpl.invoke0(Native Method)\n\tat sun.reflect.NativeMethodAccessorImpl.invoke(NativeMethodAccessorImpl.java:62)\n\tat sun.reflect.DelegatingMethodAccessorImpl.invoke(DelegatingMethodAccessorImpl.java:43)\n\tat java.lang.reflect.Method.invoke(Method.java:498)\n\tat org.testng.internal.MethodInvocationHelper.invokeMethod(MethodInvocationHelper.java:80)\n\tat org.testng.internal.Invoker.invokeMethod(Invoker.java:714)\n\tat org.testng.internal.Invoker.invokeTestMethod(Invoker.java:901)\n\tat org.testng.internal.Invoker.invokeTestMethods(Invoker.java:1231)\n\tat org.testng.internal.TestMethodWorker.invokeTestMethods(TestMethodWorker.java:127)\n\tat org.testng.internal.TestMethodWorker.run(TestMethodWorker.java:111)\n\tat org.testng.TestRunner.privateRun(TestRunner.java:767)\n\tat org.testng.TestRunner.run(TestRunner.java:617)\n\tat org.testng.SuiteRunner.runTest(SuiteRunner.java:334)\n\tat org.testng.SuiteRunner.runSequentially(SuiteRunner.java:329)\n\tat org.testng.SuiteRunner.privateRun(SuiteRunner.java:291)\n\tat org.testng.SuiteRunner.run(SuiteRunner.java:240)\n\tat org.testng.SuiteRunnerWorker.runSuite(SuiteRunnerWorker.java:52)\n\tat org.testng.SuiteRunnerWorker.run(SuiteRunnerWorker.java:86)\n\tat org.testng.TestNG.runSuitesSequentially(TestNG.java:1198)\n\tat org.testng.TestNG.runSuitesLocally(TestNG.java:1123)\n\tat org.testng.TestNG.run(TestNG.java:1031)\n\tat org.apache.maven.surefire.testng.TestNGExecutor.run(TestNGExecutor.java:283)\n\tat org.apache.maven.surefire.testng.TestNGXmlTestSuite.execute(TestNGXmlTestSuite.java:75)\n\tat org.apache.maven.surefire.testng.TestNGProvider.invoke(TestNGProvider.java:120)\n\tat org.apache.maven.surefire.booter.ForkedBooter.invokeProviderInSameClassLoader(ForkedBooter.java:386)\n\tat org.apache.maven.surefire.booter.ForkedBooter.runSuitesInProcess(ForkedBooter.java:323)\n\tat org.apache.maven.surefire.booter.ForkedBooter.main(ForkedBooter.java:143)\n"},"stage":"finished","start":1523390622904,"stop":1523390658247,"parameters":[{"name":"maxPrice","value":"10000"}]}],"attachments":[{"name":"Page screenshot","source":"c2f06e11-4054-47b6-a7b3-c091df978ee3-attachment","type":"image/png"}],"parameters":[{"name":"maxPrice","value":"10000"},{"name":"arg0","value":"10000"}]}