{"uuid":"093befb7-bfcf-42b2-8153-b2248e4cc90d","historyId":"e6cdf6e9e356290a7335ceb4319197cd","fullName":"ActionCameraTest.actionCameraTest","labels":[{"name":"package","value":"ActionCameraTest"},{"name":"testClass","value":"ActionCameraTest"},{"name":"testMethod","value":"actionCameraTest"},{"name":"parentSuite","value":"E-katalogTeest"},{"name":"suite","value":"ActionCameraTest"},{"name":"subSuite","value":"ActionCameraTest"},{"name":"host","value":"localhost.localdomain"},{"name":"thread","value":"12699@localhost.localdomain.main(1)"}],"links":[],"name":"actionCameraTest","status":"broken","statusDetails":{"known":false,"muted":false,"flaky":false,"message":"unknown error: Element <label class=\"brand-best\" for=\"br156\">...</label> is not clickable at point (922, 576). Other element would receive the click: <span class=\"goods-bar-ico\"></span>\n  (Session info: chrome=65.0.3325.181)\n  (Driver info: chromedriver=2.37.544315 (730aa6a5fdba159ac9f4c1e8cbc59bf1b5ce12b7),platform=Linux 4.15.13-300.fc27.x86_64 x86_64) (WARNING: The server did not provide any stacktrace information)\nCommand duration or timeout: 1.08 seconds\nBuild info: version: '2.17.0', revision: '15546', time: '2012-01-16 17:11:34'\nSystem info: os.name: 'Linux', os.arch: 'amd64', os.version: '4.15.13-300.fc27.x86_64', java.version: '1.8.0_162'\nDriver info: driver.version: RemoteWebDriver","trace":"org.openqa.selenium.WebDriverException: unknown error: Element <label class=\"brand-best\" for=\"br156\">...</label> is not clickable at point (922, 576). Other element would receive the click: <span class=\"goods-bar-ico\"></span>\n  (Session info: chrome=65.0.3325.181)\n  (Driver info: chromedriver=2.37.544315 (730aa6a5fdba159ac9f4c1e8cbc59bf1b5ce12b7),platform=Linux 4.15.13-300.fc27.x86_64 x86_64) (WARNING: The server did not provide any stacktrace information)\nCommand duration or timeout: 1.08 seconds\nBuild info: version: '2.17.0', revision: '15546', time: '2012-01-16 17:11:34'\nSystem info: os.name: 'Linux', os.arch: 'amd64', os.version: '4.15.13-300.fc27.x86_64', java.version: '1.8.0_162'\nDriver info: driver.version: RemoteWebDriver\n\tat sun.reflect.NativeConstructorAccessorImpl.newInstance0(Native Method)\n\tat sun.reflect.NativeConstructorAccessorImpl.newInstance(NativeConstructorAccessorImpl.java:62)\n\tat sun.reflect.DelegatingConstructorAccessorImpl.newInstance(DelegatingConstructorAccessorImpl.java:45)\n\tat java.lang.reflect.Constructor.newInstance(Constructor.java:423)\n\tat org.openqa.selenium.remote.ErrorHandler.createThrowable(ErrorHandler.java:147)\n\tat org.openqa.selenium.remote.ErrorHandler.throwIfResponseFailed(ErrorHandler.java:113)\n\tat org.openqa.selenium.remote.RemoteWebDriver.execute(RemoteWebDriver.java:439)\n\tat org.openqa.selenium.remote.RemoteWebElement.execute(RemoteWebElement.java:231)\n\tat org.openqa.selenium.remote.RemoteWebElement.click(RemoteWebElement.java:72)\n\tat ActionCameraTest.locateCategoryAndApplyFilters_aroundBody0(ActionCameraTest.java:25)\n\tat ActionCameraTest$AjcClosure1.run(ActionCameraTest.java:1)\n\tat org.aspectj.runtime.reflect.JoinPointImpl.proceed(JoinPointImpl.java:149)\n\tat io.qameta.allure.aspects.StepsAspects.step(StepsAspects.java:51)\n\tat ActionCameraTest.locateCategoryAndApplyFilters(ActionCameraTest.java:18)\n\tat ActionCameraTest.actionCameraTest(ActionCameraTest.java:105)\n\tat sun.reflect.NativeMethodAccessorImpl.invoke0(Native Method)\n\tat sun.reflect.NativeMethodAccessorImpl.invoke(NativeMethodAccessorImpl.java:62)\n\tat sun.reflect.DelegatingMethodAccessorImpl.invoke(DelegatingMethodAccessorImpl.java:43)\n\tat java.lang.reflect.Method.invoke(Method.java:498)\n\tat org.testng.internal.MethodInvocationHelper.invokeMethod(MethodInvocationHelper.java:80)\n\tat org.testng.internal.Invoker.invokeMethod(Invoker.java:714)\n\tat org.testng.internal.Invoker.invokeTestMethod(Invoker.java:901)\n\tat org.testng.internal.Invoker.invokeTestMethods(Invoker.java:1231)\n\tat org.testng.internal.TestMethodWorker.invokeTestMethods(TestMethodWorker.java:127)\n\tat org.testng.internal.TestMethodWorker.run(TestMethodWorker.java:111)\n\tat org.testng.TestRunner.privateRun(TestRunner.java:767)\n\tat org.testng.TestRunner.run(TestRunner.java:617)\n\tat org.testng.SuiteRunner.runTest(SuiteRunner.java:334)\n\tat org.testng.SuiteRunner.runSequentially(SuiteRunner.java:329)\n\tat org.testng.SuiteRunner.privateRun(SuiteRunner.java:291)\n\tat org.testng.SuiteRunner.run(SuiteRunner.java:240)\n\tat org.testng.SuiteRunnerWorker.runSuite(SuiteRunnerWorker.java:52)\n\tat org.testng.SuiteRunnerWorker.run(SuiteRunnerWorker.java:86)\n\tat org.testng.TestNG.runSuitesSequentially(TestNG.java:1198)\n\tat org.testng.TestNG.runSuitesLocally(TestNG.java:1123)\n\tat org.testng.TestNG.run(TestNG.java:1031)\n\tat org.apache.maven.surefire.testng.TestNGExecutor.run(TestNGExecutor.java:283)\n\tat org.apache.maven.surefire.testng.TestNGXmlTestSuite.execute(TestNGXmlTestSuite.java:75)\n\tat org.apache.maven.surefire.testng.TestNGProvider.invoke(TestNGProvider.java:120)\n\tat org.apache.maven.surefire.booter.ForkedBooter.invokeProviderInSameClassLoader(ForkedBooter.java:386)\n\tat org.apache.maven.surefire.booter.ForkedBooter.runSuitesInProcess(ForkedBooter.java:323)\n\tat org.apache.maven.surefire.booter.ForkedBooter.main(ForkedBooter.java:143)\n"},"stage":"finished","start":1523266965132,"stop":1523266974106,"steps":[{"name":"Вход","status":"passed","stage":"finished","start":1523266965133,"stop":1523266969895},{"name":"Переход в гаджеты и применение фильтров","status":"broken","statusDetails":{"known":false,"muted":false,"flaky":false,"message":"unknown error: Element <label class=\"brand-best\" for=\"br156\">...</label> is not clickable at point (922, 576). Other element would receive the click: <span class=\"goods-bar-ico\"></span>\n  (Session info: chrome=65.0.3325.181)\n  (Driver info: chromedriver=2.37.544315 (730aa6a5fdba159ac9f4c1e8cbc59bf1b5ce12b7),platform=Linux 4.15.13-300.fc27.x86_64 x86_64) (WARNING: The server did not provide any stacktrace information)\nCommand duration or timeout: 1.08 seconds\nBuild info: version: '2.17.0', revision: '15546', time: '2012-01-16 17:11:34'\nSystem info: os.name: 'Linux', os.arch: 'amd64', os.version: '4.15.13-300.fc27.x86_64', java.version: '1.8.0_162'\nDriver info: driver.version: RemoteWebDriver","trace":"org.openqa.selenium.WebDriverException: unknown error: Element <label class=\"brand-best\" for=\"br156\">...</label> is not clickable at point (922, 576). Other element would receive the click: <span class=\"goods-bar-ico\"></span>\n  (Session info: chrome=65.0.3325.181)\n  (Driver info: chromedriver=2.37.544315 (730aa6a5fdba159ac9f4c1e8cbc59bf1b5ce12b7),platform=Linux 4.15.13-300.fc27.x86_64 x86_64) (WARNING: The server did not provide any stacktrace information)\nCommand duration or timeout: 1.08 seconds\nBuild info: version: '2.17.0', revision: '15546', time: '2012-01-16 17:11:34'\nSystem info: os.name: 'Linux', os.arch: 'amd64', os.version: '4.15.13-300.fc27.x86_64', java.version: '1.8.0_162'\nDriver info: driver.version: RemoteWebDriver\n\tat sun.reflect.NativeConstructorAccessorImpl.newInstance0(Native Method)\n\tat sun.reflect.NativeConstructorAccessorImpl.newInstance(NativeConstructorAccessorImpl.java:62)\n\tat sun.reflect.DelegatingConstructorAccessorImpl.newInstance(DelegatingConstructorAccessorImpl.java:45)\n\tat java.lang.reflect.Constructor.newInstance(Constructor.java:423)\n\tat org.openqa.selenium.remote.ErrorHandler.createThrowable(ErrorHandler.java:147)\n\tat org.openqa.selenium.remote.ErrorHandler.throwIfResponseFailed(ErrorHandler.java:113)\n\tat org.openqa.selenium.remote.RemoteWebDriver.execute(RemoteWebDriver.java:439)\n\tat org.openqa.selenium.remote.RemoteWebElement.execute(RemoteWebElement.java:231)\n\tat org.openqa.selenium.remote.RemoteWebElement.click(RemoteWebElement.java:72)\n\tat ActionCameraTest.locateCategoryAndApplyFilters_aroundBody0(ActionCameraTest.java:25)\n\tat ActionCameraTest$AjcClosure1.run(ActionCameraTest.java:1)\n\tat org.aspectj.runtime.reflect.JoinPointImpl.proceed(JoinPointImpl.java:149)\n\tat io.qameta.allure.aspects.StepsAspects.step(StepsAspects.java:51)\n\tat ActionCameraTest.locateCategoryAndApplyFilters(ActionCameraTest.java:18)\n\tat ActionCameraTest.actionCameraTest(ActionCameraTest.java:105)\n\tat sun.reflect.NativeMethodAccessorImpl.invoke0(Native Method)\n\tat sun.reflect.NativeMethodAccessorImpl.invoke(NativeMethodAccessorImpl.java:62)\n\tat sun.reflect.DelegatingMethodAccessorImpl.invoke(DelegatingMethodAccessorImpl.java:43)\n\tat java.lang.reflect.Method.invoke(Method.java:498)\n\tat org.testng.internal.MethodInvocationHelper.invokeMethod(MethodInvocationHelper.java:80)\n\tat org.testng.internal.Invoker.invokeMethod(Invoker.java:714)\n\tat org.testng.internal.Invoker.invokeTestMethod(Invoker.java:901)\n\tat org.testng.internal.Invoker.invokeTestMethods(Invoker.java:1231)\n\tat org.testng.internal.TestMethodWorker.invokeTestMethods(TestMethodWorker.java:127)\n\tat org.testng.internal.TestMethodWorker.run(TestMethodWorker.java:111)\n\tat org.testng.TestRunner.privateRun(TestRunner.java:767)\n\tat org.testng.TestRunner.run(TestRunner.java:617)\n\tat org.testng.SuiteRunner.runTest(SuiteRunner.java:334)\n\tat org.testng.SuiteRunner.runSequentially(SuiteRunner.java:329)\n\tat org.testng.SuiteRunner.privateRun(SuiteRunner.java:291)\n\tat org.testng.SuiteRunner.run(SuiteRunner.java:240)\n\tat org.testng.SuiteRunnerWorker.runSuite(SuiteRunnerWorker.java:52)\n\tat org.testng.SuiteRunnerWorker.run(SuiteRunnerWorker.java:86)\n\tat org.testng.TestNG.runSuitesSequentially(TestNG.java:1198)\n\tat org.testng.TestNG.runSuitesLocally(TestNG.java:1123)\n\tat org.testng.TestNG.run(TestNG.java:1031)\n\tat org.apache.maven.surefire.testng.TestNGExecutor.run(TestNGExecutor.java:283)\n\tat org.apache.maven.surefire.testng.TestNGXmlTestSuite.execute(TestNGXmlTestSuite.java:75)\n\tat org.apache.maven.surefire.testng.TestNGProvider.invoke(TestNGProvider.java:120)\n\tat org.apache.maven.surefire.booter.ForkedBooter.invokeProviderInSameClassLoader(ForkedBooter.java:386)\n\tat org.apache.maven.surefire.booter.ForkedBooter.runSuitesInProcess(ForkedBooter.java:323)\n\tat org.apache.maven.surefire.booter.ForkedBooter.main(ForkedBooter.java:143)\n"},"stage":"finished","start":1523266969896,"stop":1523266973307}],"attachments":[{"name":"Page screenshot","source":"6189197e-0c98-4e53-be69-4db87efba8b7-attachment","type":"image/png"}],"parameters":[{"name":"itemName","value":"Sony HDR-AZ1VW"},{"name":"arg0","value":"Sony HDR-AZ1VW"}]}