{"uuid":"0a4e83dc-ce85-4655-9560-3dd87da81354","historyId":"3a5c083a3db5773b413d9a41efd475c6","fullName":"FilterPriceTest.priceFilterTest","labels":[{"name":"package","value":"FilterPriceTest"},{"name":"testClass","value":"FilterPriceTest"},{"name":"testMethod","value":"priceFilterTest"},{"name":"parentSuite","value":"E-katalogTeest"},{"name":"suite","value":"FilterPriceTest"},{"name":"subSuite","value":"FilterPriceTest"},{"name":"host","value":"localhost.localdomain"},{"name":"thread","value":"5291@localhost.localdomain.main(1)"}],"links":[],"name":"priceFilterTest","status":"broken","statusDetails":{"known":false,"muted":false,"flaky":false,"message":"Timed out after 20 seconds\nBuild info: version: '2.17.0', revision: '15546', time: '2012-01-16 17:11:34'\nSystem info: os.name: 'Linux', os.arch: 'amd64', os.version: '4.15.13-300.fc27.x86_64', java.version: '1.8.0_162'\nDriver info: driver.version: unknown","trace":"org.openqa.selenium.TimeoutException: Timed out after 20 seconds\nBuild info: version: '2.17.0', revision: '15546', time: '2012-01-16 17:11:34'\nSystem info: os.name: 'Linux', os.arch: 'amd64', os.version: '4.15.13-300.fc27.x86_64', java.version: '1.8.0_162'\nDriver info: driver.version: unknown\n\tat org.openqa.selenium.support.ui.FluentWait.timeoutException(FluentWait.java:252)\n\tat org.openqa.selenium.support.ui.FluentWait.until(FluentWait.java:221)\n\tat LoginTest.click(LoginTest.java:78)\n\tat FilterPriceTest.locateCategoryAndApplyFilters_aroundBody0(FilterPriceTest.java:21)\n\tat FilterPriceTest$AjcClosure1.run(FilterPriceTest.java:1)\n\tat org.aspectj.runtime.reflect.JoinPointImpl.proceed(JoinPointImpl.java:149)\n\tat io.qameta.allure.aspects.StepsAspects.step(StepsAspects.java:51)\n\tat FilterPriceTest.locateCategoryAndApplyFilters(FilterPriceTest.java:20)\n\tat FilterPriceTest.priceFilterTest(FilterPriceTest.java:57)\n\tat sun.reflect.NativeMethodAccessorImpl.invoke0(Native Method)\n\tat sun.reflect.NativeMethodAccessorImpl.invoke(NativeMethodAccessorImpl.java:62)\n\tat sun.reflect.DelegatingMethodAccessorImpl.invoke(DelegatingMethodAccessorImpl.java:43)\n\tat java.lang.reflect.Method.invoke(Method.java:498)\n\tat org.testng.internal.MethodInvocationHelper.invokeMethod(MethodInvocationHelper.java:80)\n\tat org.testng.internal.Invoker.invokeMethod(Invoker.java:714)\n\tat org.testng.internal.Invoker.invokeTestMethod(Invoker.java:901)\n\tat org.testng.internal.Invoker.invokeTestMethods(Invoker.java:1231)\n\tat org.testng.internal.TestMethodWorker.invokeTestMethods(TestMethodWorker.java:127)\n\tat org.testng.internal.TestMethodWorker.run(TestMethodWorker.java:111)\n\tat org.testng.TestRunner.privateRun(TestRunner.java:767)\n\tat org.testng.TestRunner.run(TestRunner.java:617)\n\tat org.testng.SuiteRunner.runTest(SuiteRunner.java:334)\n\tat org.testng.SuiteRunner.runSequentially(SuiteRunner.java:329)\n\tat org.testng.SuiteRunner.privateRun(SuiteRunner.java:291)\n\tat org.testng.SuiteRunner.run(SuiteRunner.java:240)\n\tat org.testng.SuiteRunnerWorker.runSuite(SuiteRunnerWorker.java:52)\n\tat org.testng.SuiteRunnerWorker.run(SuiteRunnerWorker.java:86)\n\tat org.testng.TestNG.runSuitesSequentially(TestNG.java:1198)\n\tat org.testng.TestNG.runSuitesLocally(TestNG.java:1123)\n\tat org.testng.TestNG.run(TestNG.java:1031)\n\tat org.testng.IDEARemoteTestNG.run(IDEARemoteTestNG.java:72)\n\tat org.testng.RemoteTestNGStarter.main(RemoteTestNGStarter.java:123)\nCaused by: org.openqa.selenium.NoSuchElementException: no such element: Unable to locate element: {\"method\":\"link text\",\"selector\":\"Компьютеры\"}\n  (Session info: chrome=65.0.3325.181)\n  (Driver info: chromedriver=2.37.544315 (730aa6a5fdba159ac9f4c1e8cbc59bf1b5ce12b7),platform=Linux 4.15.13-300.fc27.x86_64 x86_64) (WARNING: The server did not provide any stacktrace information)\nCommand duration or timeout: 30.04 seconds\nFor documentation on this error, please visit: http://seleniumhq.org/exceptions/no_such_element.html\nBuild info: version: '2.17.0', revision: '15546', time: '2012-01-16 17:11:34'\nSystem info: os.name: 'Linux', os.arch: 'amd64', os.version: '4.15.13-300.fc27.x86_64', java.version: '1.8.0_162'\nDriver info: driver.version: RemoteWebDriver\n\tat sun.reflect.NativeConstructorAccessorImpl.newInstance0(Native Method)\n\tat sun.reflect.NativeConstructorAccessorImpl.newInstance(NativeConstructorAccessorImpl.java:62)\n\tat sun.reflect.DelegatingConstructorAccessorImpl.newInstance(DelegatingConstructorAccessorImpl.java:45)\n\tat java.lang.reflect.Constructor.newInstance(Constructor.java:423)\n\tat org.openqa.selenium.remote.ErrorHandler.createThrowable(ErrorHandler.java:147)\n\tat org.openqa.selenium.remote.ErrorHandler.throwIfResponseFailed(ErrorHandler.java:113)\n\tat org.openqa.selenium.remote.RemoteWebDriver.execute(RemoteWebDriver.java:439)\n\tat org.openqa.selenium.remote.RemoteWebDriver.findElement(RemoteWebDriver.java:226)\n\tat org.openqa.selenium.remote.RemoteWebDriver.findElementByLinkText(RemoteWebDriver.java:251)\n\tat org.openqa.selenium.By$ByLinkText.findElement(By.java:241)\n\tat org.openqa.selenium.remote.RemoteWebDriver.findElement(RemoteWebDriver.java:218)\n\tat org.openqa.selenium.support.ui.ExpectedConditions.findElement(ExpectedConditions.java:329)\n\tat org.openqa.selenium.support.ui.ExpectedConditions.access$000(ExpectedConditions.java:37)\n\tat org.openqa.selenium.support.ui.ExpectedConditions$4.apply(ExpectedConditions.java:104)\n\tat org.openqa.selenium.support.ui.ExpectedConditions$4.apply(ExpectedConditions.java:101)\n\tat org.openqa.selenium.support.ui.ExpectedConditions$11.apply(ExpectedConditions.java:250)\n\tat org.openqa.selenium.support.ui.ExpectedConditions$11.apply(ExpectedConditions.java:244)\n\tat org.openqa.selenium.support.ui.FluentWait.until(FluentWait.java:201)\n\t... 30 more\n"},"stage":"finished","start":1523297526694,"stop":1523297557114,"steps":[{"name":"Переход в категорию и поиск с ограничением цены до 1000 рублей","status":"broken","statusDetails":{"known":false,"muted":false,"flaky":false,"message":"Timed out after 20 seconds\nBuild info: version: '2.17.0', revision: '15546', time: '2012-01-16 17:11:34'\nSystem info: os.name: 'Linux', os.arch: 'amd64', os.version: '4.15.13-300.fc27.x86_64', java.version: '1.8.0_162'\nDriver info: driver.version: unknown","trace":"org.openqa.selenium.TimeoutException: Timed out after 20 seconds\nBuild info: version: '2.17.0', revision: '15546', time: '2012-01-16 17:11:34'\nSystem info: os.name: 'Linux', os.arch: 'amd64', os.version: '4.15.13-300.fc27.x86_64', java.version: '1.8.0_162'\nDriver info: driver.version: unknown\n\tat org.openqa.selenium.support.ui.FluentWait.timeoutException(FluentWait.java:252)\n\tat org.openqa.selenium.support.ui.FluentWait.until(FluentWait.java:221)\n\tat LoginTest.click(LoginTest.java:78)\n\tat FilterPriceTest.locateCategoryAndApplyFilters_aroundBody0(FilterPriceTest.java:21)\n\tat FilterPriceTest$AjcClosure1.run(FilterPriceTest.java:1)\n\tat org.aspectj.runtime.reflect.JoinPointImpl.proceed(JoinPointImpl.java:149)\n\tat io.qameta.allure.aspects.StepsAspects.step(StepsAspects.java:51)\n\tat FilterPriceTest.locateCategoryAndApplyFilters(FilterPriceTest.java:20)\n\tat FilterPriceTest.priceFilterTest(FilterPriceTest.java:57)\n\tat sun.reflect.NativeMethodAccessorImpl.invoke0(Native Method)\n\tat sun.reflect.NativeMethodAccessorImpl.invoke(NativeMethodAccessorImpl.java:62)\n\tat sun.reflect.DelegatingMethodAccessorImpl.invoke(DelegatingMethodAccessorImpl.java:43)\n\tat java.lang.reflect.Method.invoke(Method.java:498)\n\tat org.testng.internal.MethodInvocationHelper.invokeMethod(MethodInvocationHelper.java:80)\n\tat org.testng.internal.Invoker.invokeMethod(Invoker.java:714)\n\tat org.testng.internal.Invoker.invokeTestMethod(Invoker.java:901)\n\tat org.testng.internal.Invoker.invokeTestMethods(Invoker.java:1231)\n\tat org.testng.internal.TestMethodWorker.invokeTestMethods(TestMethodWorker.java:127)\n\tat org.testng.internal.TestMethodWorker.run(TestMethodWorker.java:111)\n\tat org.testng.TestRunner.privateRun(TestRunner.java:767)\n\tat org.testng.TestRunner.run(TestRunner.java:617)\n\tat org.testng.SuiteRunner.runTest(SuiteRunner.java:334)\n\tat org.testng.SuiteRunner.runSequentially(SuiteRunner.java:329)\n\tat org.testng.SuiteRunner.privateRun(SuiteRunner.java:291)\n\tat org.testng.SuiteRunner.run(SuiteRunner.java:240)\n\tat org.testng.SuiteRunnerWorker.runSuite(SuiteRunnerWorker.java:52)\n\tat org.testng.SuiteRunnerWorker.run(SuiteRunnerWorker.java:86)\n\tat org.testng.TestNG.runSuitesSequentially(TestNG.java:1198)\n\tat org.testng.TestNG.runSuitesLocally(TestNG.java:1123)\n\tat org.testng.TestNG.run(TestNG.java:1031)\n\tat org.testng.IDEARemoteTestNG.run(IDEARemoteTestNG.java:72)\n\tat org.testng.RemoteTestNGStarter.main(RemoteTestNGStarter.java:123)\nCaused by: org.openqa.selenium.NoSuchElementException: no such element: Unable to locate element: {\"method\":\"link text\",\"selector\":\"Компьютеры\"}\n  (Session info: chrome=65.0.3325.181)\n  (Driver info: chromedriver=2.37.544315 (730aa6a5fdba159ac9f4c1e8cbc59bf1b5ce12b7),platform=Linux 4.15.13-300.fc27.x86_64 x86_64) (WARNING: The server did not provide any stacktrace information)\nCommand duration or timeout: 30.04 seconds\nFor documentation on this error, please visit: http://seleniumhq.org/exceptions/no_such_element.html\nBuild info: version: '2.17.0', revision: '15546', time: '2012-01-16 17:11:34'\nSystem info: os.name: 'Linux', os.arch: 'amd64', os.version: '4.15.13-300.fc27.x86_64', java.version: '1.8.0_162'\nDriver info: driver.version: RemoteWebDriver\n\tat sun.reflect.NativeConstructorAccessorImpl.newInstance0(Native Method)\n\tat sun.reflect.NativeConstructorAccessorImpl.newInstance(NativeConstructorAccessorImpl.java:62)\n\tat sun.reflect.DelegatingConstructorAccessorImpl.newInstance(DelegatingConstructorAccessorImpl.java:45)\n\tat java.lang.reflect.Constructor.newInstance(Constructor.java:423)\n\tat org.openqa.selenium.remote.ErrorHandler.createThrowable(ErrorHandler.java:147)\n\tat org.openqa.selenium.remote.ErrorHandler.throwIfResponseFailed(ErrorHandler.java:113)\n\tat org.openqa.selenium.remote.RemoteWebDriver.execute(RemoteWebDriver.java:439)\n\tat org.openqa.selenium.remote.RemoteWebDriver.findElement(RemoteWebDriver.java:226)\n\tat org.openqa.selenium.remote.RemoteWebDriver.findElementByLinkText(RemoteWebDriver.java:251)\n\tat org.openqa.selenium.By$ByLinkText.findElement(By.java:241)\n\tat org.openqa.selenium.remote.RemoteWebDriver.findElement(RemoteWebDriver.java:218)\n\tat org.openqa.selenium.support.ui.ExpectedConditions.findElement(ExpectedConditions.java:329)\n\tat org.openqa.selenium.support.ui.ExpectedConditions.access$000(ExpectedConditions.java:37)\n\tat org.openqa.selenium.support.ui.ExpectedConditions$4.apply(ExpectedConditions.java:104)\n\tat org.openqa.selenium.support.ui.ExpectedConditions$4.apply(ExpectedConditions.java:101)\n\tat org.openqa.selenium.support.ui.ExpectedConditions$11.apply(ExpectedConditions.java:250)\n\tat org.openqa.selenium.support.ui.ExpectedConditions$11.apply(ExpectedConditions.java:244)\n\tat org.openqa.selenium.support.ui.FluentWait.until(FluentWait.java:201)\n\t... 30 more\n"},"stage":"finished","start":1523297526711,"stop":1523297556833,"parameters":[{"name":"maxPrice","value":"1000"}]}],"attachments":[{"name":"Page screenshot","source":"79abe5bd-d5ca-4165-870c-866af3676489-attachment","type":"image/png"}],"parameters":[{"name":"maxPrice","value":"1000"},{"name":"arg0","value":"1000"}]}