{"uuid":"1a91e99a-92a3-40c3-9428-759671b41cfa","historyId":"e6cdf6e9e356290a7335ceb4319197cd","fullName":"ActionCameraTest.actionCameraTest","labels":[{"name":"package","value":"ActionCameraTest"},{"name":"testClass","value":"ActionCameraTest"},{"name":"testMethod","value":"actionCameraTest"},{"name":"parentSuite","value":"E-katalogTeest"},{"name":"suite","value":"ActionCameraTest"},{"name":"subSuite","value":"ActionCameraTest"},{"name":"host","value":"localhost.localdomain"},{"name":"thread","value":"26960@localhost.localdomain.main(1)"}],"links":[],"name":"actionCameraTest","status":"broken","statusDetails":{"known":false,"muted":false,"flaky":false,"message":"Timed out after 20 seconds\nBuild info: version: '2.17.0', revision: '15546', time: '2012-01-16 17:11:34'\nSystem info: os.name: 'Linux', os.arch: 'amd64', os.version: '4.15.13-300.fc27.x86_64', java.version: '1.8.0_162'\nDriver info: driver.version: unknown","trace":"org.openqa.selenium.TimeoutException: Timed out after 20 seconds\nBuild info: version: '2.17.0', revision: '15546', time: '2012-01-16 17:11:34'\nSystem info: os.name: 'Linux', os.arch: 'amd64', os.version: '4.15.13-300.fc27.x86_64', java.version: '1.8.0_162'\nDriver info: driver.version: unknown\n\tat org.openqa.selenium.support.ui.FluentWait.timeoutException(FluentWait.java:252)\n\tat org.openqa.selenium.support.ui.FluentWait.until(FluentWait.java:221)\n\tat LoginTest.click(LoginTest.java:78)\n\tat ActionCameraTest.locateCategoryAndApplyFilters_aroundBody0(ActionCameraTest.java:31)\n\tat ActionCameraTest$AjcClosure1.run(ActionCameraTest.java:1)\n\tat org.aspectj.runtime.reflect.JoinPointImpl.proceed(JoinPointImpl.java:149)\n\tat io.qameta.allure.aspects.StepsAspects.step(StepsAspects.java:51)\n\tat ActionCameraTest.locateCategoryAndApplyFilters(ActionCameraTest.java:18)\n\tat ActionCameraTest.actionCameraTest(ActionCameraTest.java:107)\n\tat sun.reflect.NativeMethodAccessorImpl.invoke0(Native Method)\n\tat sun.reflect.NativeMethodAccessorImpl.invoke(NativeMethodAccessorImpl.java:62)\n\tat sun.reflect.DelegatingMethodAccessorImpl.invoke(DelegatingMethodAccessorImpl.java:43)\n\tat java.lang.reflect.Method.invoke(Method.java:498)\n\tat org.testng.internal.MethodInvocationHelper.invokeMethod(MethodInvocationHelper.java:80)\n\tat org.testng.internal.Invoker.invokeMethod(Invoker.java:714)\n\tat org.testng.internal.Invoker.invokeTestMethod(Invoker.java:901)\n\tat org.testng.internal.Invoker.invokeTestMethods(Invoker.java:1231)\n\tat org.testng.internal.TestMethodWorker.invokeTestMethods(TestMethodWorker.java:127)\n\tat org.testng.internal.TestMethodWorker.run(TestMethodWorker.java:111)\n\tat org.testng.TestRunner.privateRun(TestRunner.java:767)\n\tat org.testng.TestRunner.run(TestRunner.java:617)\n\tat org.testng.SuiteRunner.runTest(SuiteRunner.java:334)\n\tat org.testng.SuiteRunner.runSequentially(SuiteRunner.java:329)\n\tat org.testng.SuiteRunner.privateRun(SuiteRunner.java:291)\n\tat org.testng.SuiteRunner.run(SuiteRunner.java:240)\n\tat org.testng.SuiteRunnerWorker.runSuite(SuiteRunnerWorker.java:52)\n\tat org.testng.SuiteRunnerWorker.run(SuiteRunnerWorker.java:86)\n\tat org.testng.TestNG.runSuitesSequentially(TestNG.java:1198)\n\tat org.testng.TestNG.runSuitesLocally(TestNG.java:1123)\n\tat org.testng.TestNG.run(TestNG.java:1031)\n\tat org.testng.IDEARemoteTestNG.run(IDEARemoteTestNG.java:72)\n\tat org.testng.RemoteTestNGStarter.main(RemoteTestNGStarter.java:123)\n"},"stage":"finished","start":1523274265290,"stop":1523274293712,"steps":[{"name":"Вход","status":"passed","stage":"finished","start":1523274265292,"stop":1523274269187},{"name":"Переход в гаджеты и применение фильтров","status":"broken","statusDetails":{"known":false,"muted":false,"flaky":false,"message":"Timed out after 20 seconds\nBuild info: version: '2.17.0', revision: '15546', time: '2012-01-16 17:11:34'\nSystem info: os.name: 'Linux', os.arch: 'amd64', os.version: '4.15.13-300.fc27.x86_64', java.version: '1.8.0_162'\nDriver info: driver.version: unknown","trace":"org.openqa.selenium.TimeoutException: Timed out after 20 seconds\nBuild info: version: '2.17.0', revision: '15546', time: '2012-01-16 17:11:34'\nSystem info: os.name: 'Linux', os.arch: 'amd64', os.version: '4.15.13-300.fc27.x86_64', java.version: '1.8.0_162'\nDriver info: driver.version: unknown\n\tat org.openqa.selenium.support.ui.FluentWait.timeoutException(FluentWait.java:252)\n\tat org.openqa.selenium.support.ui.FluentWait.until(FluentWait.java:221)\n\tat LoginTest.click(LoginTest.java:78)\n\tat ActionCameraTest.locateCategoryAndApplyFilters_aroundBody0(ActionCameraTest.java:31)\n\tat ActionCameraTest$AjcClosure1.run(ActionCameraTest.java:1)\n\tat org.aspectj.runtime.reflect.JoinPointImpl.proceed(JoinPointImpl.java:149)\n\tat io.qameta.allure.aspects.StepsAspects.step(StepsAspects.java:51)\n\tat ActionCameraTest.locateCategoryAndApplyFilters(ActionCameraTest.java:18)\n\tat ActionCameraTest.actionCameraTest(ActionCameraTest.java:107)\n\tat sun.reflect.NativeMethodAccessorImpl.invoke0(Native Method)\n\tat sun.reflect.NativeMethodAccessorImpl.invoke(NativeMethodAccessorImpl.java:62)\n\tat sun.reflect.DelegatingMethodAccessorImpl.invoke(DelegatingMethodAccessorImpl.java:43)\n\tat java.lang.reflect.Method.invoke(Method.java:498)\n\tat org.testng.internal.MethodInvocationHelper.invokeMethod(MethodInvocationHelper.java:80)\n\tat org.testng.internal.Invoker.invokeMethod(Invoker.java:714)\n\tat org.testng.internal.Invoker.invokeTestMethod(Invoker.java:901)\n\tat org.testng.internal.Invoker.invokeTestMethods(Invoker.java:1231)\n\tat org.testng.internal.TestMethodWorker.invokeTestMethods(TestMethodWorker.java:127)\n\tat org.testng.internal.TestMethodWorker.run(TestMethodWorker.java:111)\n\tat org.testng.TestRunner.privateRun(TestRunner.java:767)\n\tat org.testng.TestRunner.run(TestRunner.java:617)\n\tat org.testng.SuiteRunner.runTest(SuiteRunner.java:334)\n\tat org.testng.SuiteRunner.runSequentially(SuiteRunner.java:329)\n\tat org.testng.SuiteRunner.privateRun(SuiteRunner.java:291)\n\tat org.testng.SuiteRunner.run(SuiteRunner.java:240)\n\tat org.testng.SuiteRunnerWorker.runSuite(SuiteRunnerWorker.java:52)\n\tat org.testng.SuiteRunnerWorker.run(SuiteRunnerWorker.java:86)\n\tat org.testng.TestNG.runSuitesSequentially(TestNG.java:1198)\n\tat org.testng.TestNG.runSuitesLocally(TestNG.java:1123)\n\tat org.testng.TestNG.run(TestNG.java:1031)\n\tat org.testng.IDEARemoteTestNG.run(IDEARemoteTestNG.java:72)\n\tat org.testng.RemoteTestNGStarter.main(RemoteTestNGStarter.java:123)\n"},"stage":"finished","start":1523274269187,"stop":1523274293262}],"attachments":[{"name":"Page screenshot","source":"4cf56c61-4f40-427d-9c4d-82a979a2b8b1-attachment","type":"image/png"}],"parameters":[{"name":"itemName","value":"Sony HDR-AZ1VW"},{"name":"arg0","value":"Sony HDR-AZ1VW"}]}