{"uuid":"6db3fe43-7c6a-4f50-b4d4-d7cf7dd4501d","historyId":"e6cdf6e9e356290a7335ceb4319197cd","fullName":"ActionCameraTest.actionCameraTest","labels":[{"name":"package","value":"ActionCameraTest"},{"name":"testClass","value":"ActionCameraTest"},{"name":"testMethod","value":"actionCameraTest"},{"name":"parentSuite","value":"E-katalogTeest"},{"name":"suite","value":"ActionCameraTest"},{"name":"subSuite","value":"ActionCameraTest"},{"name":"host","value":"localhost.localdomain"},{"name":"thread","value":"1711@localhost.localdomain.main(1)"}],"links":[],"name":"actionCameraTest","status":"broken","statusDetails":{"known":false,"muted":false,"flaky":false,"message":"unknown error: Element <span class=\"ib\">...</span> is not clickable at point (1025, 14). Other element would receive the click: <div class=\"header_action_login\" id=\"mui_user_login_row\">...</div>\n  (Session info: chrome=65.0.3325.181)\n  (Driver info: chromedriver=2.37.544315 (730aa6a5fdba159ac9f4c1e8cbc59bf1b5ce12b7),platform=Linux 4.15.13-300.fc27.x86_64 x86_64) (WARNING: The server did not provide any stacktrace information)\nCommand duration or timeout: 217 milliseconds\nBuild info: version: '2.17.0', revision: '15546', time: '2012-01-16 17:11:34'\nSystem info: os.name: 'Linux', os.arch: 'amd64', os.version: '4.15.13-300.fc27.x86_64', java.version: '1.8.0_162'\nDriver info: driver.version: RemoteWebDriver","trace":"org.openqa.selenium.WebDriverException: unknown error: Element <span class=\"ib\">...</span> is not clickable at point (1025, 14). Other element would receive the click: <div class=\"header_action_login\" id=\"mui_user_login_row\">...</div>\n  (Session info: chrome=65.0.3325.181)\n  (Driver info: chromedriver=2.37.544315 (730aa6a5fdba159ac9f4c1e8cbc59bf1b5ce12b7),platform=Linux 4.15.13-300.fc27.x86_64 x86_64) (WARNING: The server did not provide any stacktrace information)\nCommand duration or timeout: 217 milliseconds\nBuild info: version: '2.17.0', revision: '15546', time: '2012-01-16 17:11:34'\nSystem info: os.name: 'Linux', os.arch: 'amd64', os.version: '4.15.13-300.fc27.x86_64', java.version: '1.8.0_162'\nDriver info: driver.version: RemoteWebDriver\n\tat sun.reflect.NativeConstructorAccessorImpl.newInstance0(Native Method)\n\tat sun.reflect.NativeConstructorAccessorImpl.newInstance(NativeConstructorAccessorImpl.java:62)\n\tat sun.reflect.DelegatingConstructorAccessorImpl.newInstance(DelegatingConstructorAccessorImpl.java:45)\n\tat java.lang.reflect.Constructor.newInstance(Constructor.java:423)\n\tat org.openqa.selenium.remote.ErrorHandler.createThrowable(ErrorHandler.java:147)\n\tat org.openqa.selenium.remote.ErrorHandler.throwIfResponseFailed(ErrorHandler.java:113)\n\tat org.openqa.selenium.remote.RemoteWebDriver.execute(RemoteWebDriver.java:439)\n\tat org.openqa.selenium.remote.RemoteWebElement.execute(RemoteWebElement.java:231)\n\tat org.openqa.selenium.remote.RemoteWebElement.click(RemoteWebElement.java:72)\n\tat LoginTest.click(LoginTest.java:83)\n\tat LoginTest.logout_aroundBody2(LoginTest.java:41)\n\tat LoginTest$AjcClosure3.run(LoginTest.java:1)\n\tat org.aspectj.runtime.reflect.JoinPointImpl.proceed(JoinPointImpl.java:149)\n\tat io.qameta.allure.aspects.StepsAspects.step(StepsAspects.java:51)\n\tat LoginTest.logout(LoginTest.java:41)\n\tat ActionCameraTest.actionCameraTest(ActionCameraTest.java:112)\n\tat sun.reflect.NativeMethodAccessorImpl.invoke0(Native Method)\n\tat sun.reflect.NativeMethodAccessorImpl.invoke(NativeMethodAccessorImpl.java:62)\n\tat sun.reflect.DelegatingMethodAccessorImpl.invoke(DelegatingMethodAccessorImpl.java:43)\n\tat java.lang.reflect.Method.invoke(Method.java:498)\n\tat org.testng.internal.MethodInvocationHelper.invokeMethod(MethodInvocationHelper.java:80)\n\tat org.testng.internal.Invoker.invokeMethod(Invoker.java:714)\n\tat org.testng.internal.Invoker.invokeTestMethod(Invoker.java:901)\n\tat org.testng.internal.Invoker.invokeTestMethods(Invoker.java:1231)\n\tat org.testng.internal.TestMethodWorker.invokeTestMethods(TestMethodWorker.java:127)\n\tat org.testng.internal.TestMethodWorker.run(TestMethodWorker.java:111)\n\tat org.testng.TestRunner.privateRun(TestRunner.java:767)\n\tat org.testng.TestRunner.run(TestRunner.java:617)\n\tat org.testng.SuiteRunner.runTest(SuiteRunner.java:334)\n\tat org.testng.SuiteRunner.runSequentially(SuiteRunner.java:329)\n\tat org.testng.SuiteRunner.privateRun(SuiteRunner.java:291)\n\tat org.testng.SuiteRunner.run(SuiteRunner.java:240)\n\tat org.testng.SuiteRunnerWorker.runSuite(SuiteRunnerWorker.java:52)\n\tat org.testng.SuiteRunnerWorker.run(SuiteRunnerWorker.java:86)\n\tat org.testng.TestNG.runSuitesSequentially(TestNG.java:1198)\n\tat org.testng.TestNG.runSuitesLocally(TestNG.java:1123)\n\tat org.testng.TestNG.run(TestNG.java:1031)\n\tat org.testng.IDEARemoteTestNG.run(IDEARemoteTestNG.java:72)\n\tat org.testng.RemoteTestNGStarter.main(RemoteTestNGStarter.java:123)\n"},"stage":"finished","start":1523276161061,"stop":1523276182652,"steps":[{"name":"Вход","status":"passed","stage":"finished","start":1523276161061,"stop":1523276165251},{"name":"Переход в гаджеты и применение фильтров","status":"passed","stage":"finished","start":1523276165252,"stop":1523276173802},{"name":" Открытие подробностей этой камеры и добавление ее в закладки","status":"passed","stage":"finished","start":1523276173803,"stop":1523276179569,"parameters":[{"name":"itemName","value":"Sony HDR-AZ1VW"}]},{"name":"Проверка истории","status":"passed","stage":"finished","start":1523276179569,"stop":1523276180481,"parameters":[{"name":"itemName","value":"Sony HDR-AZ1VW"}]},{"name":"Удаление","status":"passed","stage":"finished","start":1523276180482,"stop":1523276181887,"parameters":[{"name":"itemName","value":"Sony HDR-AZ1VW"}]},{"name":"Выход","status":"broken","statusDetails":{"known":false,"muted":false,"flaky":false,"message":"unknown error: Element <span class=\"ib\">...</span> is not clickable at point (1025, 14). Other element would receive the click: <div class=\"header_action_login\" id=\"mui_user_login_row\">...</div>\n  (Session info: chrome=65.0.3325.181)\n  (Driver info: chromedriver=2.37.544315 (730aa6a5fdba159ac9f4c1e8cbc59bf1b5ce12b7),platform=Linux 4.15.13-300.fc27.x86_64 x86_64) (WARNING: The server did not provide any stacktrace information)\nCommand duration or timeout: 217 milliseconds\nBuild info: version: '2.17.0', revision: '15546', time: '2012-01-16 17:11:34'\nSystem info: os.name: 'Linux', os.arch: 'amd64', os.version: '4.15.13-300.fc27.x86_64', java.version: '1.8.0_162'\nDriver info: driver.version: RemoteWebDriver","trace":"org.openqa.selenium.WebDriverException: unknown error: Element <span class=\"ib\">...</span> is not clickable at point (1025, 14). Other element would receive the click: <div class=\"header_action_login\" id=\"mui_user_login_row\">...</div>\n  (Session info: chrome=65.0.3325.181)\n  (Driver info: chromedriver=2.37.544315 (730aa6a5fdba159ac9f4c1e8cbc59bf1b5ce12b7),platform=Linux 4.15.13-300.fc27.x86_64 x86_64) (WARNING: The server did not provide any stacktrace information)\nCommand duration or timeout: 217 milliseconds\nBuild info: version: '2.17.0', revision: '15546', time: '2012-01-16 17:11:34'\nSystem info: os.name: 'Linux', os.arch: 'amd64', os.version: '4.15.13-300.fc27.x86_64', java.version: '1.8.0_162'\nDriver info: driver.version: RemoteWebDriver\n\tat sun.reflect.NativeConstructorAccessorImpl.newInstance0(Native Method)\n\tat sun.reflect.NativeConstructorAccessorImpl.newInstance(NativeConstructorAccessorImpl.java:62)\n\tat sun.reflect.DelegatingConstructorAccessorImpl.newInstance(DelegatingConstructorAccessorImpl.java:45)\n\tat java.lang.reflect.Constructor.newInstance(Constructor.java:423)\n\tat org.openqa.selenium.remote.ErrorHandler.createThrowable(ErrorHandler.java:147)\n\tat org.openqa.selenium.remote.ErrorHandler.throwIfResponseFailed(ErrorHandler.java:113)\n\tat org.openqa.selenium.remote.RemoteWebDriver.execute(RemoteWebDriver.java:439)\n\tat org.openqa.selenium.remote.RemoteWebElement.execute(RemoteWebElement.java:231)\n\tat org.openqa.selenium.remote.RemoteWebElement.click(RemoteWebElement.java:72)\n\tat LoginTest.click(LoginTest.java:83)\n\tat LoginTest.logout_aroundBody2(LoginTest.java:41)\n\tat LoginTest$AjcClosure3.run(LoginTest.java:1)\n\tat org.aspectj.runtime.reflect.JoinPointImpl.proceed(JoinPointImpl.java:149)\n\tat io.qameta.allure.aspects.StepsAspects.step(StepsAspects.java:51)\n\tat LoginTest.logout(LoginTest.java:41)\n\tat ActionCameraTest.actionCameraTest(ActionCameraTest.java:112)\n\tat sun.reflect.NativeMethodAccessorImpl.invoke0(Native Method)\n\tat sun.reflect.NativeMethodAccessorImpl.invoke(NativeMethodAccessorImpl.java:62)\n\tat sun.reflect.DelegatingMethodAccessorImpl.invoke(DelegatingMethodAccessorImpl.java:43)\n\tat java.lang.reflect.Method.invoke(Method.java:498)\n\tat org.testng.internal.MethodInvocationHelper.invokeMethod(MethodInvocationHelper.java:80)\n\tat org.testng.internal.Invoker.invokeMethod(Invoker.java:714)\n\tat org.testng.internal.Invoker.invokeTestMethod(Invoker.java:901)\n\tat org.testng.internal.Invoker.invokeTestMethods(Invoker.java:1231)\n\tat org.testng.internal.TestMethodWorker.invokeTestMethods(TestMethodWorker.java:127)\n\tat org.testng.internal.TestMethodWorker.run(TestMethodWorker.java:111)\n\tat org.testng.TestRunner.privateRun(TestRunner.java:767)\n\tat org.testng.TestRunner.run(TestRunner.java:617)\n\tat org.testng.SuiteRunner.runTest(SuiteRunner.java:334)\n\tat org.testng.SuiteRunner.runSequentially(SuiteRunner.java:329)\n\tat org.testng.SuiteRunner.privateRun(SuiteRunner.java:291)\n\tat org.testng.SuiteRunner.run(SuiteRunner.java:240)\n\tat org.testng.SuiteRunnerWorker.runSuite(SuiteRunnerWorker.java:52)\n\tat org.testng.SuiteRunnerWorker.run(SuiteRunnerWorker.java:86)\n\tat org.testng.TestNG.runSuitesSequentially(TestNG.java:1198)\n\tat org.testng.TestNG.runSuitesLocally(TestNG.java:1123)\n\tat org.testng.TestNG.run(TestNG.java:1031)\n\tat org.testng.IDEARemoteTestNG.run(IDEARemoteTestNG.java:72)\n\tat org.testng.RemoteTestNGStarter.main(RemoteTestNGStarter.java:123)\n"},"stage":"finished","start":1523276181887,"stop":1523276182355}],"attachments":[{"name":"Page screenshot","source":"7409fc05-2fb7-4277-865e-926ee2fc31ac-attachment","type":"image/png"}],"parameters":[{"name":"itemName","value":"Sony HDR-AZ1VW"},{"name":"arg0","value":"Sony HDR-AZ1VW"}]}