{"uuid":"ea3875ab-13c7-48b9-86e4-714c756d2688","historyId":"e6cdf6e9e356290a7335ceb4319197cd","fullName":"ActionCameraTest.actionCameraTest","labels":[{"name":"package","value":"ActionCameraTest"},{"name":"testClass","value":"ActionCameraTest"},{"name":"testMethod","value":"actionCameraTest"},{"name":"parentSuite","value":"E-katalogTeest"},{"name":"suite","value":"ActionCameraTest"},{"name":"subSuite","value":"ActionCameraTest"},{"name":"host","value":"localhost.localdomain"},{"name":"thread","value":"18728@localhost.localdomain.main(1)"}],"links":[],"name":"actionCameraTest","status":"broken","statusDetails":{"known":false,"muted":false,"flaky":false,"message":"Timed out after 20 seconds\nBuild info: version: '2.17.0', revision: '15546', time: '2012-01-16 17:11:34'\nSystem info: os.name: 'Linux', os.arch: 'amd64', os.version: '4.15.13-300.fc27.x86_64', java.version: '1.8.0_162'\nDriver info: driver.version: unknown","trace":"org.openqa.selenium.TimeoutException: Timed out after 20 seconds\nBuild info: version: '2.17.0', revision: '15546', time: '2012-01-16 17:11:34'\nSystem info: os.name: 'Linux', os.arch: 'amd64', os.version: '4.15.13-300.fc27.x86_64', java.version: '1.8.0_162'\nDriver info: driver.version: unknown\n\tat org.openqa.selenium.support.ui.FluentWait.timeoutException(FluentWait.java:252)\n\tat org.openqa.selenium.support.ui.FluentWait.until(FluentWait.java:221)\n\tat ActionCameraTest.locateCategoryAndApplyFilters_aroundBody0(ActionCameraTest.java:29)\n\tat ActionCameraTest$AjcClosure1.run(ActionCameraTest.java:1)\n\tat org.aspectj.runtime.reflect.JoinPointImpl.proceed(JoinPointImpl.java:149)\n\tat io.qameta.allure.aspects.StepsAspects.step(StepsAspects.java:51)\n\tat ActionCameraTest.locateCategoryAndApplyFilters(ActionCameraTest.java:18)\n\tat ActionCameraTest.actionCameraTest(ActionCameraTest.java:107)\n\tat sun.reflect.NativeMethodAccessorImpl.invoke0(Native Method)\n\tat sun.reflect.NativeMethodAccessorImpl.invoke(NativeMethodAccessorImpl.java:62)\n\tat sun.reflect.DelegatingMethodAccessorImpl.invoke(DelegatingMethodAccessorImpl.java:43)\n\tat java.lang.reflect.Method.invoke(Method.java:498)\n\tat org.testng.internal.MethodInvocationHelper.invokeMethod(MethodInvocationHelper.java:80)\n\tat org.testng.internal.Invoker.invokeMethod(Invoker.java:714)\n\tat org.testng.internal.Invoker.invokeTestMethod(Invoker.java:901)\n\tat org.testng.internal.Invoker.invokeTestMethods(Invoker.java:1231)\n\tat org.testng.internal.TestMethodWorker.invokeTestMethods(TestMethodWorker.java:127)\n\tat org.testng.internal.TestMethodWorker.run(TestMethodWorker.java:111)\n\tat org.testng.TestRunner.privateRun(TestRunner.java:767)\n\tat org.testng.TestRunner.run(TestRunner.java:617)\n\tat org.testng.SuiteRunner.runTest(SuiteRunner.java:334)\n\tat org.testng.SuiteRunner.runSequentially(SuiteRunner.java:329)\n\tat org.testng.SuiteRunner.privateRun(SuiteRunner.java:291)\n\tat org.testng.SuiteRunner.run(SuiteRunner.java:240)\n\tat org.testng.SuiteRunnerWorker.runSuite(SuiteRunnerWorker.java:52)\n\tat org.testng.SuiteRunnerWorker.run(SuiteRunnerWorker.java:86)\n\tat org.testng.TestNG.runSuitesSequentially(TestNG.java:1198)\n\tat org.testng.TestNG.runSuitesLocally(TestNG.java:1123)\n\tat org.testng.TestNG.run(TestNG.java:1031)\n\tat org.testng.IDEARemoteTestNG.run(IDEARemoteTestNG.java:72)\n\tat org.testng.RemoteTestNGStarter.main(RemoteTestNGStarter.java:123)\nCaused by: org.openqa.selenium.InvalidSelectorException: invalid selector: Unable to locate an element with the xpath expression .//[@id='c17983' because of the following error:\nSyntaxError: Failed to execute 'evaluate' on 'Document': The string './/[@id='c17983'' is not a valid XPath expression.\n  (Session info: chrome=65.0.3325.181)\n  (Driver info: chromedriver=2.37.544315 (730aa6a5fdba159ac9f4c1e8cbc59bf1b5ce12b7),platform=Linux 4.15.13-300.fc27.x86_64 x86_64) (WARNING: The server did not provide any stacktrace information)\nCommand duration or timeout: 21 milliseconds\nFor documentation on this error, please visit: http://seleniumhq.org/exceptions/invalid_selector_exception.html\nBuild info: version: '2.17.0', revision: '15546', time: '2012-01-16 17:11:34'\nSystem info: os.name: 'Linux', os.arch: 'amd64', os.version: '4.15.13-300.fc27.x86_64', java.version: '1.8.0_162'\nDriver info: driver.version: RemoteWebDriver\n\tat sun.reflect.GeneratedConstructorAccessor15.newInstance(Unknown Source)\n\tat sun.reflect.DelegatingConstructorAccessorImpl.newInstance(DelegatingConstructorAccessorImpl.java:45)\n\tat java.lang.reflect.Constructor.newInstance(Constructor.java:423)\n\tat org.openqa.selenium.remote.ErrorHandler.createThrowable(ErrorHandler.java:147)\n\tat org.openqa.selenium.remote.ErrorHandler.throwIfResponseFailed(ErrorHandler.java:113)\n\tat org.openqa.selenium.remote.RemoteWebDriver.execute(RemoteWebDriver.java:439)\n\tat org.openqa.selenium.remote.RemoteWebDriver.findElement(RemoteWebDriver.java:226)\n\tat org.openqa.selenium.remote.RemoteWebDriver.findElementByXPath(RemoteWebDriver.java:299)\n\tat org.openqa.selenium.By$ByXPath.findElement(By.java:344)\n\tat org.openqa.selenium.remote.RemoteWebDriver.findElement(RemoteWebDriver.java:218)\n\tat org.openqa.selenium.support.ui.ExpectedConditions.findElement(ExpectedConditions.java:329)\n\tat org.openqa.selenium.support.ui.ExpectedConditions.access$000(ExpectedConditions.java:37)\n\tat org.openqa.selenium.support.ui.ExpectedConditions$4.apply(ExpectedConditions.java:104)\n\tat org.openqa.selenium.support.ui.ExpectedConditions$4.apply(ExpectedConditions.java:101)\n\tat org.openqa.selenium.support.ui.ExpectedConditions$11.apply(ExpectedConditions.java:250)\n\tat org.openqa.selenium.support.ui.ExpectedConditions$11.apply(ExpectedConditions.java:244)\n\tat org.openqa.selenium.support.ui.FluentWait.until(FluentWait.java:201)\n\t... 29 more\n"},"stage":"finished","start":1523271483416,"stop":1523271511946,"steps":[{"name":"Вход","status":"passed","stage":"finished","start":1523271483417,"stop":1523271487492},{"name":"Переход в гаджеты и применение фильтров","status":"broken","statusDetails":{"known":false,"muted":false,"flaky":false,"message":"Timed out after 20 seconds\nBuild info: version: '2.17.0', revision: '15546', time: '2012-01-16 17:11:34'\nSystem info: os.name: 'Linux', os.arch: 'amd64', os.version: '4.15.13-300.fc27.x86_64', java.version: '1.8.0_162'\nDriver info: driver.version: unknown","trace":"org.openqa.selenium.TimeoutException: Timed out after 20 seconds\nBuild info: version: '2.17.0', revision: '15546', time: '2012-01-16 17:11:34'\nSystem info: os.name: 'Linux', os.arch: 'amd64', os.version: '4.15.13-300.fc27.x86_64', java.version: '1.8.0_162'\nDriver info: driver.version: unknown\n\tat org.openqa.selenium.support.ui.FluentWait.timeoutException(FluentWait.java:252)\n\tat org.openqa.selenium.support.ui.FluentWait.until(FluentWait.java:221)\n\tat ActionCameraTest.locateCategoryAndApplyFilters_aroundBody0(ActionCameraTest.java:29)\n\tat ActionCameraTest$AjcClosure1.run(ActionCameraTest.java:1)\n\tat org.aspectj.runtime.reflect.JoinPointImpl.proceed(JoinPointImpl.java:149)\n\tat io.qameta.allure.aspects.StepsAspects.step(StepsAspects.java:51)\n\tat ActionCameraTest.locateCategoryAndApplyFilters(ActionCameraTest.java:18)\n\tat ActionCameraTest.actionCameraTest(ActionCameraTest.java:107)\n\tat sun.reflect.NativeMethodAccessorImpl.invoke0(Native Method)\n\tat sun.reflect.NativeMethodAccessorImpl.invoke(NativeMethodAccessorImpl.java:62)\n\tat sun.reflect.DelegatingMethodAccessorImpl.invoke(DelegatingMethodAccessorImpl.java:43)\n\tat java.lang.reflect.Method.invoke(Method.java:498)\n\tat org.testng.internal.MethodInvocationHelper.invokeMethod(MethodInvocationHelper.java:80)\n\tat org.testng.internal.Invoker.invokeMethod(Invoker.java:714)\n\tat org.testng.internal.Invoker.invokeTestMethod(Invoker.java:901)\n\tat org.testng.internal.Invoker.invokeTestMethods(Invoker.java:1231)\n\tat org.testng.internal.TestMethodWorker.invokeTestMethods(TestMethodWorker.java:127)\n\tat org.testng.internal.TestMethodWorker.run(TestMethodWorker.java:111)\n\tat org.testng.TestRunner.privateRun(TestRunner.java:767)\n\tat org.testng.TestRunner.run(TestRunner.java:617)\n\tat org.testng.SuiteRunner.runTest(SuiteRunner.java:334)\n\tat org.testng.SuiteRunner.runSequentially(SuiteRunner.java:329)\n\tat org.testng.SuiteRunner.privateRun(SuiteRunner.java:291)\n\tat org.testng.SuiteRunner.run(SuiteRunner.java:240)\n\tat org.testng.SuiteRunnerWorker.runSuite(SuiteRunnerWorker.java:52)\n\tat org.testng.SuiteRunnerWorker.run(SuiteRunnerWorker.java:86)\n\tat org.testng.TestNG.runSuitesSequentially(TestNG.java:1198)\n\tat org.testng.TestNG.runSuitesLocally(TestNG.java:1123)\n\tat org.testng.TestNG.run(TestNG.java:1031)\n\tat org.testng.IDEARemoteTestNG.run(IDEARemoteTestNG.java:72)\n\tat org.testng.RemoteTestNGStarter.main(RemoteTestNGStarter.java:123)\nCaused by: org.openqa.selenium.InvalidSelectorException: invalid selector: Unable to locate an element with the xpath expression .//[@id='c17983' because of the following error:\nSyntaxError: Failed to execute 'evaluate' on 'Document': The string './/[@id='c17983'' is not a valid XPath expression.\n  (Session info: chrome=65.0.3325.181)\n  (Driver info: chromedriver=2.37.544315 (730aa6a5fdba159ac9f4c1e8cbc59bf1b5ce12b7),platform=Linux 4.15.13-300.fc27.x86_64 x86_64) (WARNING: The server did not provide any stacktrace information)\nCommand duration or timeout: 21 milliseconds\nFor documentation on this error, please visit: http://seleniumhq.org/exceptions/invalid_selector_exception.html\nBuild info: version: '2.17.0', revision: '15546', time: '2012-01-16 17:11:34'\nSystem info: os.name: 'Linux', os.arch: 'amd64', os.version: '4.15.13-300.fc27.x86_64', java.version: '1.8.0_162'\nDriver info: driver.version: RemoteWebDriver\n\tat sun.reflect.GeneratedConstructorAccessor15.newInstance(Unknown Source)\n\tat sun.reflect.DelegatingConstructorAccessorImpl.newInstance(DelegatingConstructorAccessorImpl.java:45)\n\tat java.lang.reflect.Constructor.newInstance(Constructor.java:423)\n\tat org.openqa.selenium.remote.ErrorHandler.createThrowable(ErrorHandler.java:147)\n\tat org.openqa.selenium.remote.ErrorHandler.throwIfResponseFailed(ErrorHandler.java:113)\n\tat org.openqa.selenium.remote.RemoteWebDriver.execute(RemoteWebDriver.java:439)\n\tat org.openqa.selenium.remote.RemoteWebDriver.findElement(RemoteWebDriver.java:226)\n\tat org.openqa.selenium.remote.RemoteWebDriver.findElementByXPath(RemoteWebDriver.java:299)\n\tat org.openqa.selenium.By$ByXPath.findElement(By.java:344)\n\tat org.openqa.selenium.remote.RemoteWebDriver.findElement(RemoteWebDriver.java:218)\n\tat org.openqa.selenium.support.ui.ExpectedConditions.findElement(ExpectedConditions.java:329)\n\tat org.openqa.selenium.support.ui.ExpectedConditions.access$000(ExpectedConditions.java:37)\n\tat org.openqa.selenium.support.ui.ExpectedConditions$4.apply(ExpectedConditions.java:104)\n\tat org.openqa.selenium.support.ui.ExpectedConditions$4.apply(ExpectedConditions.java:101)\n\tat org.openqa.selenium.support.ui.ExpectedConditions$11.apply(ExpectedConditions.java:250)\n\tat org.openqa.selenium.support.ui.ExpectedConditions$11.apply(ExpectedConditions.java:244)\n\tat org.openqa.selenium.support.ui.FluentWait.until(FluentWait.java:201)\n\t... 29 more\n"},"stage":"finished","start":1523271487493,"stop":1523271511407}],"attachments":[{"name":"Page screenshot","source":"4a9b5ff0-d394-4427-be9b-4c363bddd3c7-attachment","type":"image/png"}],"parameters":[{"name":"itemName","value":"Sony HDR-AZ1VW"},{"name":"arg0","value":"Sony HDR-AZ1VW"}]}