<!DOCTYPE html>

<html>
  <head>
  <title>TestNG reports</title>

    <link type="text/css" href="testng-reports.css" rel="stylesheet" />  
    <script type="text/javascript" src="jquery-1.7.1.min.js"></script>
    <script type="text/javascript" src="testng-reports.js"></script>
    <script type="text/javascript" src="https://www.google.com/jsapi"></script>
    <script type='text/javascript'>
      google.load('visualization', '1', {packages:['table']});
      google.setOnLoadCallback(drawTable);
      var suiteTableInitFunctions = new Array();
      var suiteTableData = new Array();
    </script>
    <!--
      <script type="text/javascript" src="jquery-ui/js/jquery-ui-1.8.16.custom.min.js"></script>
     -->
  </head>

  <body>
    <div class="top-banner-root">
      <span class="top-banner-title-font">Test results</span>
      <br/>
      <span class="top-banner-font-1">1 suite, 1 failed test</span>
    </div> <!-- top-banner-root -->
    <div class="navigator-root">
      <div class="navigator-suite-header">
        <span>All suites</span>
        <a href="#" class="collapse-all-link" title="Collapse/expand all the suites">
          <img class="collapse-all-icon" src="collapseall.gif">
          </img> <!-- collapse-all-icon -->
        </a> <!-- collapse-all-link -->
      </div> <!-- navigator-suite-header -->
      <div class="suite">
        <div class="rounded-window">
          <div class="suite-header light-rounded-window-top">
            <a href="#" class="navigator-link" panel-name="suite-E-katalogTeest">
              <span class="suite-name border-failed">E-katalogTeest</span>
            </a> <!-- navigator-link -->
          </div> <!-- suite-header light-rounded-window-top -->
          <div class="navigator-suite-content">
            <div class="suite-section-title">
              <span>Info</span>
            </div> <!-- suite-section-title -->
            <div class="suite-section-content">
              <ul>
                <li>
                  <a href="#" class="navigator-link " panel-name="test-xml-E-katalogTeest">
                    <span>testng.xml</span>
                  </a> <!-- navigator-link  -->
                </li>
                <li>
                  <a href="#" class="navigator-link " panel-name="testlist-E-katalogTeest">
                    <span class="test-stats">3 tests</span>
                  </a> <!-- navigator-link  -->
                </li>
                <li>
                  <a href="#" class="navigator-link " panel-name="group-E-katalogTeest">
                    <span>0 groups</span>
                  </a> <!-- navigator-link  -->
                </li>
                <li>
                  <a href="#" class="navigator-link " panel-name="times-E-katalogTeest">
                    <span>Times</span>
                  </a> <!-- navigator-link  -->
                </li>
                <li>
                  <a href="#" class="navigator-link " panel-name="reporter-E-katalogTeest">
                    <span>Reporter output</span>
                  </a> <!-- navigator-link  -->
                </li>
                <li>
                  <a href="#" class="navigator-link " panel-name="ignored-methods-E-katalogTeest">
                    <span>Ignored methods</span>
                  </a> <!-- navigator-link  -->
                </li>
                <li>
                  <a href="#" class="navigator-link " panel-name="chronological-E-katalogTeest">
                    <span>Chronological view</span>
                  </a> <!-- navigator-link  -->
                </li>
              </ul>
            </div> <!-- suite-section-content -->
            <div class="result-section">
              <div class="suite-section-title">
                <span>Results</span>
              </div> <!-- suite-section-title -->
              <div class="suite-section-content">
                <ul>
                  <li>
                    <span class="method-stats">3 methods, 1 failed,   2 passed</span>
                  </li>
                  <li>
                    <span class="method-list-title failed">Failed methods</span>
                    <span class="show-or-hide-methods failed">
                      <a href="#" panel-name="suite-E-katalogTeest" class="hide-methods failed suite-E-katalogTeest"> (hide)</a> <!-- hide-methods failed suite-E-katalogTeest -->
                      <a href="#" panel-name="suite-E-katalogTeest" class="show-methods failed suite-E-katalogTeest"> (show)</a> <!-- show-methods failed suite-E-katalogTeest -->
                    </span>
                    <div class="method-list-content failed suite-E-katalogTeest">
                      <span>
                        <img width="3%" src="failed.png"/>
                        <a href="#" class="method navigator-link" panel-name="suite-E-katalogTeest" title="FilterPriceTest" hash-for-method="priceFilterTest(10000)">priceFilterTest(10000)</a> <!-- method navigator-link -->
                      </span>
                      <br/>
                    </div> <!-- method-list-content failed suite-E-katalogTeest -->
                  </li>
                  <li>
                    <span class="method-list-title passed">Passed methods</span>
                    <span class="show-or-hide-methods passed">
                      <a href="#" panel-name="suite-E-katalogTeest" class="hide-methods passed suite-E-katalogTeest"> (hide)</a> <!-- hide-methods passed suite-E-katalogTeest -->
                      <a href="#" panel-name="suite-E-katalogTeest" class="show-methods passed suite-E-katalogTeest"> (show)</a> <!-- show-methods passed suite-E-katalogTeest -->
                    </span>
                    <div class="method-list-content passed suite-E-katalogTeest">
                      <span>
                        <img width="3%" src="passed.png"/>
                        <a href="#" class="method navigator-link" panel-name="suite-E-katalogTeest" title="ActionCameraTest" hash-for-method="actionCameraTest">actionCameraTest</a> <!-- method navigator-link -->
                      </span>
                      <br/>
                      <span>
                        <img width="3%" src="passed.png"/>
                        <a href="#" class="method navigator-link" panel-name="suite-E-katalogTeest" title="LoginTest" hash-for-method="loginTest">loginTest</a> <!-- method navigator-link -->
                      </span>
                      <br/>
                    </div> <!-- method-list-content passed suite-E-katalogTeest -->
                  </li>
                </ul>
              </div> <!-- suite-section-content -->
            </div> <!-- result-section -->
          </div> <!-- navigator-suite-content -->
        </div> <!-- rounded-window -->
      </div> <!-- suite -->
    </div> <!-- navigator-root -->
    <div class="wrapper">
      <div class="main-panel-root">
        <div panel-name="suite-E-katalogTeest" class="panel E-katalogTeest">
          <div class="suite-E-katalogTeest-class-failed">
            <div class="main-panel-header rounded-window-top">
              <img src="failed.png"/>
              <span class="class-name">FilterPriceTest</span>
            </div> <!-- main-panel-header rounded-window-top -->
            <div class="main-panel-content rounded-window-bottom">
              <div class="method">
                <div class="method-content">
                  <a name="priceFilterTest(10000)">
                  </a> <!-- priceFilterTest(10000) -->
                  <span class="method-name">priceFilterTest</span>
                  <span class="parameters">(10000)</span>
                  <div class="stack-trace"><b>"org.openqa.selenium.StaleElementReferenceException: stale element reference: element is not attached to the page document
  (Session info: chrome=65.0.3325.181)
  (Driver info: chromedriver=2.37.544315 (730aa6a5fdba159ac9f4c1e8cbc59bf1b5ce12b7),platform=Linux 4.15.14-300.fc27.x86_64 x86_64) (WARNING: The server did not provide any stacktrace information)
Command duration or timeout: 17 milliseconds
For documentation on this error, please visit: http://seleniumhq.org/exceptions/stale_element_reference.html
Build info: version: &apos;2.17.0&apos;, revision: &apos;15546&apos;, time: &apos;2012-01-16 17:11:34&apos;
System info: os.name: &apos;Linux&apos;, os.arch: &apos;amd64&apos;, os.version: &apos;4.15.14-300.fc27.x86_64&apos;, java.version: &apos;1.8.0_162&apos;
Driver info: driver.version: RemoteWebDriver
	at org.openqa.selenium.remote.ErrorHandler.createThrowable(ErrorHandler.java:147)
	at org.openqa.selenium.remote.ErrorHandler.throwIfResponseFailed(ErrorHandler.java:113)
	at org.openqa.selenium.remote.RemoteWebDriver.execute(RemoteWebDriver.java:439)
	at org.openqa.selenium.remote.RemoteWebDriver.executeScript(RemoteWebDriver.java:353)
	at AbstractTest.scrollIntoView(AbstractTest.java:61)
	at AbstractTest.click(AbstractTest.java:68)
	at FilterPriceTest.locateCategoryAndApplyFilters_aroundBody0(FilterPriceTest.java:31)
	at FilterPriceTest$AjcClosure1.run(FilterPriceTest.java:1)
	at io.qameta.allure.aspects.StepsAspects.step(StepsAspects.java:51)
	at FilterPriceTest.locateCategoryAndApplyFilters(FilterPriceTest.java:20)
	at FilterPriceTest.priceFilterTest(FilterPriceTest.java:56)
	at org.apache.maven.surefire.testng.TestNGExecutor.run(TestNGExecutor.java:283)
	at org.apache.maven.surefire.testng.TestNGXmlTestSuite.execute(TestNGXmlTestSuite.java:75)
	at org.apache.maven.surefire.testng.TestNGProvider.invoke(TestNGProvider.java:120)
	at org.apache.maven.surefire.booter.ForkedBooter.invokeProviderInSameClassLoader(ForkedBooter.java:386)
	at org.apache.maven.surefire.booter.ForkedBooter.runSuitesInProcess(ForkedBooter.java:323)
	at org.apache.maven.surefire.booter.ForkedBooter.main(ForkedBooter.java:143)
... Removed 26 stack frames<br/> org.openqa.selenium.StaleElementReferenceException: stale element reference: element is not attached to the page document
  (Session info: chrome=65.0.3325.181)
  (Driver info: chromedriver=2.37.544315 (730aa6a5fdba159ac9f4c1e8cbc59bf1b5ce12b7),platform=Linux 4.15.14-300.fc27.x86_64 x86_64) (WARNING: The server did not provide any stacktrace information)
Command duration or timeout: 17 milliseconds
For documentation on this error, please visit: http://seleniumhq.org/exceptions/stale_element_reference.html
Build info: version: &apos;2.17.0&apos;, revision: &apos;15546&apos;, time: &apos;2012-01-16 17:11:34&apos;
System info: os.name: &apos;Linux&apos;, os.arch: &apos;amd64&apos;, os.version: &apos;4.15.14-300.fc27.x86_64&apos;, java.version: &apos;1.8.0_162&apos;
Driver info: driver.version: RemoteWebDriver
	at sun.reflect.NativeConstructorAccessorImpl.newInstance0(Native Method)
	at sun.reflect.NativeConstructorAccessorImpl.newInstance(NativeConstructorAccessorImpl.java:62)
	at sun.reflect.DelegatingConstructorAccessorImpl.newInstance(DelegatingConstructorAccessorImpl.java:45)
	at java.lang.reflect.Constructor.newInstance(Constructor.java:423)
	at org.openqa.selenium.remote.ErrorHandler.createThrowable(ErrorHandler.java:147)
	at org.openqa.selenium.remote.ErrorHandler.throwIfResponseFailed(ErrorHandler.java:113)
	at org.openqa.selenium.remote.RemoteWebDriver.execute(RemoteWebDriver.java:439)
	at org.openqa.selenium.remote.RemoteWebDriver.executeScript(RemoteWebDriver.java:353)
	at AbstractTest.scrollIntoView(AbstractTest.java:61)
	at AbstractTest.click(AbstractTest.java:68)
	at FilterPriceTest.locateCategoryAndApplyFilters_aroundBody0(FilterPriceTest.java:31)
	at FilterPriceTest$AjcClosure1.run(FilterPriceTest.java:1)
	at org.aspectj.runtime.reflect.JoinPointImpl.proceed(JoinPointImpl.java:149)
	at io.qameta.allure.aspects.StepsAspects.step(StepsAspects.java:51)
	at FilterPriceTest.locateCategoryAndApplyFilters(FilterPriceTest.java:20)
	at FilterPriceTest.priceFilterTest(FilterPriceTest.java:56)
	at sun.reflect.NativeMethodAccessorImpl.invoke0(Native Method)
	at sun.reflect.NativeMethodAccessorImpl.invoke(NativeMethodAccessorImpl.java:62)
	at sun.reflect.DelegatingMethodAccessorImpl.invoke(DelegatingMethodAccessorImpl.java:43)
	at java.lang.reflect.Method.invoke(Method.java:498)
	at org.testng.internal.MethodInvocationHelper.invokeMethod(MethodInvocationHelper.java:80)
	at org.testng.internal.Invoker.invokeMethod(Invoker.java:714)
	at org.testng.internal.Invoker.invokeTestMethod(Invoker.java:901)
	at org.testng.internal.Invoker.invokeTestMethods(Invoker.java:1231)
	at org.testng.internal.TestMethodWorker.invokeTestMethods(TestMethodWorker.java:127)
	at org.testng.internal.TestMethodWorker.run(TestMethodWorker.java:111)
	at org.testng.TestRunner.privateRun(TestRunner.java:767)
	at org.testng.TestRunner.run(TestRunner.java:617)
	at org.testng.SuiteRunner.runTest(SuiteRunner.java:334)
	at org.testng.SuiteRunner.runSequentially(SuiteRunner.java:329)
	at org.testng.SuiteRunner.privateRun(SuiteRunner.java:291)
	at org.testng.SuiteRunner.run(SuiteRunner.java:240)
	at org.testng.SuiteRunnerWorker.runSuite(SuiteRunnerWorker.java:52)
	at org.testng.SuiteRunnerWorker.run(SuiteRunnerWorker.java:86)
	at org.testng.TestNG.runSuitesSequentially(TestNG.java:1198)
	at org.testng.TestNG.runSuitesLocally(TestNG.java:1123)
	at org.testng.TestNG.run(TestNG.java:1031)
	at org.apache.maven.surefire.testng.TestNGExecutor.run(TestNGExecutor.java:283)
	at org.apache.maven.surefire.testng.TestNGXmlTestSuite.execute(TestNGXmlTestSuite.java:75)
	at org.apache.maven.surefire.testng.TestNGProvider.invoke(TestNGProvider.java:120)
	at org.apache.maven.surefire.booter.ForkedBooter.invokeProviderInSameClassLoader(ForkedBooter.java:386)
	at org.apache.maven.surefire.booter.ForkedBooter.runSuitesInProcess(ForkedBooter.java:323)
	at org.apache.maven.surefire.booter.ForkedBooter.main(ForkedBooter.java:143)
"</b><br>sun.reflect.NativeConstructorAccessorImpl.newInstance0(Native Method)<br>sun.reflect.NativeConstructorAccessorImpl.newInstance(NativeConstructorAccessorImpl.java:62)<br>sun.reflect.DelegatingConstructorAccessorImpl.newInstance(DelegatingConstructorAccessorImpl.java:45)<br>java.lang.reflect.Constructor.newInstance(Constructor.java:423)<br>org.openqa.selenium.remote.ErrorHandler.createThrowable(ErrorHandler.java:147)<br>org.openqa.selenium.remote.ErrorHandler.throwIfResponseFailed(ErrorHandler.java:113)<br>org.openqa.selenium.remote.RemoteWebDriver.execute(RemoteWebDriver.java:439)<br>org.openqa.selenium.remote.RemoteWebDriver.executeScript(RemoteWebDriver.java:353)<br>AbstractTest.scrollIntoView(AbstractTest.java:61)<br>AbstractTest.click(AbstractTest.java:68)<br>FilterPriceTest.locateCategoryAndApplyFilters_aroundBody0(FilterPriceTest.java:31)<br>FilterPriceTest$AjcClosure1.run(FilterPriceTest.java:1)<br>org.aspectj.runtime.reflect.JoinPointImpl.proceed(JoinPointImpl.java:149)<br>io.qameta.allure.aspects.StepsAspects.step(StepsAspects.java:51)<br>FilterPriceTest.locateCategoryAndApplyFilters(FilterPriceTest.java:20)<br>FilterPriceTest.priceFilterTest(FilterPriceTest.java:56)<br>sun.reflect.NativeMethodAccessorImpl.invoke0(Native Method)<br>sun.reflect.NativeMethodAccessorImpl.invoke(NativeMethodAccessorImpl.java:62)<br>sun.reflect.DelegatingMethodAccessorImpl.invoke(DelegatingMethodAccessorImpl.java:43)<br>java.lang.reflect.Method.invoke(Method.java:498)<br>org.testng.internal.MethodInvocationHelper.invokeMethod(MethodInvocationHelper.java:80)<br>org.testng.internal.Invoker.invokeMethod(Invoker.java:714)<br>org.testng.internal.Invoker.invokeTestMethod(Invoker.java:901)<br>org.testng.internal.Invoker.invokeTestMethods(Invoker.java:1231)<br>org.testng.internal.TestMethodWorker.invokeTestMethods(TestMethodWorker.java:127)<br>org.testng.internal.TestMethodWorker.run(TestMethodWorker.java:111)<br>org.testng.TestRunner.privateRun(TestRunner.java:767)<br>org.testng.TestRunner.run(TestRunner.java:617)<br>org.testng.SuiteRunner.runTest(SuiteRunner.java:334)<br>org.testng.SuiteRunner.runSequentially(SuiteRunner.java:329)<br>org.testng.SuiteRunner.privateRun(SuiteRunner.java:291)<br>org.testng.SuiteRunner.run(SuiteRunner.java:240)<br>org.testng.SuiteRunnerWorker.runSuite(SuiteRunnerWorker.java:52)<br>org.testng.SuiteRunnerWorker.run(SuiteRunnerWorker.java:86)<br>org.testng.TestNG.runSuitesSequentially(TestNG.java:1198)<br>org.testng.TestNG.runSuitesLocally(TestNG.java:1123)<br>org.testng.TestNG.run(TestNG.java:1031)<br>org.apache.maven.surefire.testng.TestNGExecutor.run(TestNGExecutor.java:283)<br>org.apache.maven.surefire.testng.TestNGXmlTestSuite.execute(TestNGXmlTestSuite.java:75)<br>org.apache.maven.surefire.testng.TestNGProvider.invoke(TestNGProvider.java:120)<br>org.apache.maven.surefire.booter.ForkedBooter.invokeProviderInSameClassLoader(ForkedBooter.java:386)<br>org.apache.maven.surefire.booter.ForkedBooter.runSuitesInProcess(ForkedBooter.java:323)<br>org.apache.maven.surefire.booter.ForkedBooter.main(ForkedBooter.java:143)<br>
</div> <!-- stack-trace -->
                </div> <!-- method-content -->
              </div> <!-- method -->
            </div> <!-- main-panel-content rounded-window-bottom -->
          </div> <!-- suite-E-katalogTeest-class-failed -->
          <div class="suite-E-katalogTeest-class-passed">
            <div class="main-panel-header rounded-window-top">
              <img src="passed.png"/>
              <span class="class-name">ActionCameraTest</span>
            </div> <!-- main-panel-header rounded-window-top -->
            <div class="main-panel-content rounded-window-bottom">
              <div class="method">
                <div class="method-content">
                  <a name="actionCameraTest">
                  </a> <!-- actionCameraTest -->
                  <span class="method-name">actionCameraTest</span>
                </div> <!-- method-content -->
              </div> <!-- method -->
            </div> <!-- main-panel-content rounded-window-bottom -->
          </div> <!-- suite-E-katalogTeest-class-passed -->
          <div class="suite-E-katalogTeest-class-passed">
            <div class="main-panel-header rounded-window-top">
              <img src="passed.png"/>
              <span class="class-name">LoginTest</span>
            </div> <!-- main-panel-header rounded-window-top -->
            <div class="main-panel-content rounded-window-bottom">
              <div class="method">
                <div class="method-content">
                  <a name="loginTest">
                  </a> <!-- loginTest -->
                  <span class="method-name">loginTest</span>
                </div> <!-- method-content -->
              </div> <!-- method -->
            </div> <!-- main-panel-content rounded-window-bottom -->
          </div> <!-- suite-E-katalogTeest-class-passed -->
        </div> <!-- panel E-katalogTeest -->
        <div panel-name="test-xml-E-katalogTeest" class="panel">
          <div class="main-panel-header rounded-window-top">
            <span class="header-content">/home/naduxa/TestS/task/testng.xml</span>
          </div> <!-- main-panel-header rounded-window-top -->
          <div class="main-panel-content rounded-window-bottom">
            <pre>
&lt;?xml version=&quot;1.0&quot; encoding=&quot;UTF-8&quot;?&gt;
&lt;!DOCTYPE suite SYSTEM &quot;http://testng.org/testng-1.0.dtd&quot;&gt;
&lt;suite verbose=&quot;0&quot; name=&quot;E-katalogTeest&quot;&gt;
  &lt;test name=&quot;LogInLogOutTest&quot;&gt;
    &lt;classes&gt;
      &lt;class name=&quot;LoginTest&quot;/&gt;
    &lt;/classes&gt;
  &lt;/test&gt; &lt;!-- LogInLogOutTest --&gt;
  &lt;test name=&quot;ActionCameraTest&quot;&gt;
    &lt;classes&gt;
      &lt;class name=&quot;ActionCameraTest&quot;/&gt;
    &lt;/classes&gt;
  &lt;/test&gt; &lt;!-- ActionCameraTest --&gt;
  &lt;test name=&quot;FilterPriceTest&quot;&gt;
    &lt;parameter name=&quot;maxPrice&quot; value=&quot;10000&quot;/&gt;
    &lt;classes&gt;
      &lt;class name=&quot;FilterPriceTest&quot;/&gt;
    &lt;/classes&gt;
  &lt;/test&gt; &lt;!-- FilterPriceTest --&gt;
&lt;/suite&gt; &lt;!-- E-katalogTeest --&gt;
            </pre>
          </div> <!-- main-panel-content rounded-window-bottom -->
        </div> <!-- panel -->
        <div panel-name="testlist-E-katalogTeest" class="panel">
          <div class="main-panel-header rounded-window-top">
            <span class="header-content">Tests for E-katalogTeest</span>
          </div> <!-- main-panel-header rounded-window-top -->
          <div class="main-panel-content rounded-window-bottom">
            <ul>
              <li>
                <span class="test-name">LogInLogOutTest (1 class)</span>
              </li>
              <li>
                <span class="test-name">ActionCameraTest (1 class)</span>
              </li>
              <li>
                <span class="test-name">FilterPriceTest (1 class)</span>
              </li>
            </ul>
          </div> <!-- main-panel-content rounded-window-bottom -->
        </div> <!-- panel -->
        <div panel-name="group-E-katalogTeest" class="panel">
          <div class="main-panel-header rounded-window-top">
            <span class="header-content">Groups for E-katalogTeest</span>
          </div> <!-- main-panel-header rounded-window-top -->
          <div class="main-panel-content rounded-window-bottom">
          </div> <!-- main-panel-content rounded-window-bottom -->
        </div> <!-- panel -->
        <div panel-name="times-E-katalogTeest" class="panel">
          <div class="main-panel-header rounded-window-top">
            <span class="header-content">Times for E-katalogTeest</span>
          </div> <!-- main-panel-header rounded-window-top -->
          <div class="main-panel-content rounded-window-bottom">
            <div class="times-div">
              <script type="text/javascript">
suiteTableInitFunctions.push('tableData_E-katalogTeest');
function tableData_E-katalogTeest() {
var data = new google.visualization.DataTable();
data.addColumn('number', 'Number');
data.addColumn('string', 'Method');
data.addColumn('string', 'Class');
data.addColumn('number', 'Time (ms)');
data.addRows(3);
data.setCell(0, 0, 0)
data.setCell(0, 1, 'actionCameraTest')
data.setCell(0, 2, 'ActionCameraTest')
data.setCell(0, 3, 466748);
data.setCell(1, 0, 1)
data.setCell(1, 1, 'loginTest')
data.setCell(1, 2, 'LoginTest')
data.setCell(1, 3, 77576);
data.setCell(2, 0, 2)
data.setCell(2, 1, 'priceFilterTest')
data.setCell(2, 2, 'FilterPriceTest')
data.setCell(2, 3, 35424);
window.suiteTableData['E-katalogTeest']= { tableData: data, tableDiv: 'times-div-E-katalogTeest'}
return data;
}
              </script>
              <span class="suite-total-time">Total running time: 9 minutes</span>
              <div id="times-div-E-katalogTeest">
              </div> <!-- times-div-E-katalogTeest -->
            </div> <!-- times-div -->
          </div> <!-- main-panel-content rounded-window-bottom -->
        </div> <!-- panel -->
        <div panel-name="reporter-E-katalogTeest" class="panel">
          <div class="main-panel-header rounded-window-top">
            <span class="header-content">Reporter output for E-katalogTeest</span>
          </div> <!-- main-panel-header rounded-window-top -->
          <div class="main-panel-content rounded-window-bottom">
          </div> <!-- main-panel-content rounded-window-bottom -->
        </div> <!-- panel -->
        <div panel-name="ignored-methods-E-katalogTeest" class="panel">
          <div class="main-panel-header rounded-window-top">
            <span class="header-content">0 ignored methods</span>
          </div> <!-- main-panel-header rounded-window-top -->
          <div class="main-panel-content rounded-window-bottom">
          </div> <!-- main-panel-content rounded-window-bottom -->
        </div> <!-- panel -->
        <div panel-name="chronological-E-katalogTeest" class="panel">
          <div class="main-panel-header rounded-window-top">
            <span class="header-content">Methods in chronological order</span>
          </div> <!-- main-panel-header rounded-window-top -->
          <div class="main-panel-content rounded-window-bottom">
            <div class="chronological-class">
              <div class="chronological-class-name">LoginTest</div> <!-- chronological-class-name -->
              <div class="configuration-method before">
                <span class="method-name">setup</span>
                <span class="method-start">0 ms</span>
              </div> <!-- configuration-method before -->
              <div class="test-method">
                <span class="method-name">loginTest</span>
                <span class="method-start">62167 ms</span>
              </div> <!-- test-method -->
              <div class="configuration-method after">
                <span class="method-name">tearDown</span>
                <span class="method-start">140038 ms</span>
              </div> <!-- configuration-method after -->
            </div> <!-- chronological-class -->
            <div class="chronological-class">
              <div class="chronological-class-name">ActionCameraTest</div> <!-- chronological-class-name -->
              <div class="configuration-method before">
                <span class="method-name">setup</span>
                <span class="method-start">140663 ms</span>
              </div> <!-- configuration-method before -->
              <div class="test-method">
                <span class="method-name">actionCameraTest</span>
                <span class="method-start">248433 ms</span>
              </div> <!-- test-method -->
              <div class="configuration-method after">
                <span class="method-name">tearDown</span>
                <span class="method-start">715347 ms</span>
              </div> <!-- configuration-method after -->
            </div> <!-- chronological-class -->
            <div class="chronological-class">
              <div class="chronological-class-name">FilterPriceTest</div> <!-- chronological-class-name -->
              <div class="configuration-method before">
                <span class="method-name">setup</span>
                <span class="method-start">715945 ms</span>
              </div> <!-- configuration-method before -->
              <div class="test-method">
                <img src="failed.png">
                </img>
                <span class="method-name">priceFilterTest(10000)</span>
                <span class="method-start">751409 ms</span>
              </div> <!-- test-method -->
              <div class="configuration-method after">
                <span class="method-name">tearDown</span>
                <span class="method-start">787118 ms</span>
              </div> <!-- configuration-method after -->
          </div> <!-- main-panel-content rounded-window-bottom -->
        </div> <!-- panel -->
      </div> <!-- main-panel-root -->
    </div> <!-- wrapper -->
  </body>
</html>
